Started GET "/" for 127.0.0.1 at 2023-06-23 19:32:19 -0600
  
ActiveRecord::NoDatabaseError (We could not find your database: userApp_development. Which can be found in the database configuration file located at config/database.yml.

To resolve this issue:

- Did you create the database for this app, or delete it? You may need to create your database.
- Has the database name changed? Check your database.yml config has the correct database name.

To create your database, run:

        bin/rails db:create
):
  
activerecord (7.0.5) lib/active_record/connection_adapters/postgresql_adapter.rb:81:in `rescue in new_client'
activerecord (7.0.5) lib/active_record/connection_adapters/postgresql_adapter.rb:77:in `new_client'
activerecord (7.0.5) lib/active_record/connection_adapters/postgresql_adapter.rb:37:in `postgresql_connection'
activerecord (7.0.5) lib/active_record/connection_adapters/abstract/connection_pool.rb:656:in `public_send'
activerecord (7.0.5) lib/active_record/connection_adapters/abstract/connection_pool.rb:656:in `new_connection'
activerecord (7.0.5) lib/active_record/connection_adapters/abstract/connection_pool.rb:700:in `checkout_new_connection'
activerecord (7.0.5) lib/active_record/connection_adapters/abstract/connection_pool.rb:679:in `try_to_checkout_new_connection'
activerecord (7.0.5) lib/active_record/connection_adapters/abstract/connection_pool.rb:640:in `acquire_connection'
activerecord (7.0.5) lib/active_record/connection_adapters/abstract/connection_pool.rb:341:in `checkout'
activerecord (7.0.5) lib/active_record/connection_adapters/abstract/connection_pool.rb:181:in `connection'
activerecord (7.0.5) lib/active_record/connection_adapters/abstract/connection_handler.rb:211:in `retrieve_connection'
activerecord (7.0.5) lib/active_record/connection_handling.rb:313:in `retrieve_connection'
activerecord (7.0.5) lib/active_record/connection_handling.rb:280:in `connection'
activerecord (7.0.5) lib/active_record/migration.rb:613:in `connection'
activerecord (7.0.5) lib/active_record/migration.rb:608:in `build_watcher'
activerecord (7.0.5) lib/active_record/migration.rb:590:in `block in call'
activerecord (7.0.5) lib/active_record/migration.rb:589:in `synchronize'
activerecord (7.0.5) lib/active_record/migration.rb:589:in `call'
actionpack (7.0.5) lib/action_dispatch/middleware/callbacks.rb:27:in `block in call'
activesupport (7.0.5) lib/active_support/callbacks.rb:99:in `run_callbacks'
actionpack (7.0.5) lib/action_dispatch/middleware/callbacks.rb:26:in `call'
actionpack (7.0.5) lib/action_dispatch/middleware/executor.rb:14:in `call'
actionpack (7.0.5) lib/action_dispatch/middleware/actionable_exceptions.rb:17:in `call'
actionpack (7.0.5) lib/action_dispatch/middleware/debug_exceptions.rb:28:in `call'
web-console (4.2.0) lib/web_console/middleware.rb:132:in `call_app'
web-console (4.2.0) lib/web_console/middleware.rb:28:in `block in call'
web-console (4.2.0) lib/web_console/middleware.rb:17:in `catch'
web-console (4.2.0) lib/web_console/middleware.rb:17:in `call'
actionpack (7.0.5) lib/action_dispatch/middleware/show_exceptions.rb:26:in `call'
railties (7.0.5) lib/rails/rack/logger.rb:40:in `call_app'
railties (7.0.5) lib/rails/rack/logger.rb:25:in `block in call'
activesupport (7.0.5) lib/active_support/tagged_logging.rb:99:in `block in tagged'
activesupport (7.0.5) lib/active_support/tagged_logging.rb:37:in `tagged'
activesupport (7.0.5) lib/active_support/tagged_logging.rb:99:in `tagged'
railties (7.0.5) lib/rails/rack/logger.rb:25:in `call'
sprockets-rails (3.4.2) lib/sprockets/rails/quiet_assets.rb:13:in `call'
actionpack (7.0.5) lib/action_dispatch/middleware/remote_ip.rb:93:in `call'
actionpack (7.0.5) lib/action_dispatch/middleware/request_id.rb:26:in `call'
rack (2.2.7) lib/rack/method_override.rb:24:in `call'
rack (2.2.7) lib/rack/runtime.rb:22:in `call'
activesupport (7.0.5) lib/active_support/cache/strategy/local_cache_middleware.rb:29:in `call'
actionpack (7.0.5) lib/action_dispatch/middleware/server_timing.rb:61:in `block in call'
actionpack (7.0.5) lib/action_dispatch/middleware/server_timing.rb:26:in `collect_events'
actionpack (7.0.5) lib/action_dispatch/middleware/server_timing.rb:60:in `call'
actionpack (7.0.5) lib/action_dispatch/middleware/executor.rb:14:in `call'
actionpack (7.0.5) lib/action_dispatch/middleware/static.rb:23:in `call'
rack (2.2.7) lib/rack/sendfile.rb:110:in `call'
actionpack (7.0.5) lib/action_dispatch/middleware/host_authorization.rb:137:in `call'
railties (7.0.5) lib/rails/engine.rb:530:in `call'
puma (5.6.6) lib/puma/configuration.rb:252:in `call'
puma (5.6.6) lib/puma/request.rb:77:in `block in handle_request'
puma (5.6.6) lib/puma/thread_pool.rb:340:in `with_force_shutdown'
puma (5.6.6) lib/puma/request.rb:76:in `handle_request'
puma (5.6.6) lib/puma/server.rb:443:in `process_client'
puma (5.6.6) lib/puma/thread_pool.rb:147:in `block in spawn_thread'
Started POST "/rails/actions" for 127.0.0.1 at 2023-06-23 19:32:34 -0600
  [1m[35m (219.6ms)[0m  [1m[35mCREATE DATABASE "userApp_development" ENCODING = 'unicode'[0m
  [1m[35m (60.6ms)[0m  [1m[35mCREATE DATABASE "userApp_test" ENCODING = 'unicode'[0m
Started GET "/" for 127.0.0.1 at 2023-06-23 19:32:34 -0600
Processing by Rails::WelcomeController#index as HTML
  Rendering /Users/alonsolopez/.rvm/gems/ruby-3.0.0/gems/railties-7.0.5/lib/rails/templates/rails/welcome/index.html.erb
  Rendered /Users/alonsolopez/.rvm/gems/ruby-3.0.0/gems/railties-7.0.5/lib/rails/templates/rails/welcome/index.html.erb (Duration: 0.5ms | Allocations: 462)
Completed 200 OK in 5ms (Views: 1.1ms | ActiveRecord: 0.0ms | Allocations: 4432)


Started GET "/" for 127.0.0.1 at 2023-06-23 19:32:47 -0600
Processing by Rails::WelcomeController#index as HTML
  Rendering /Users/alonsolopez/.rvm/gems/ruby-3.0.0/gems/railties-7.0.5/lib/rails/templates/rails/welcome/index.html.erb
  Rendered /Users/alonsolopez/.rvm/gems/ruby-3.0.0/gems/railties-7.0.5/lib/rails/templates/rails/welcome/index.html.erb (Duration: 1.0ms | Allocations: 454)
Completed 200 OK in 4ms (Views: 2.6ms | ActiveRecord: 0.0ms | Allocations: 1367)


Started GET "/" for 127.0.0.1 at 2023-06-23 19:32:54 -0600
Processing by Rails::WelcomeController#index as HTML
  Rendering /Users/alonsolopez/.rvm/gems/ruby-3.0.0/gems/railties-7.0.5/lib/rails/templates/rails/welcome/index.html.erb
  Rendered /Users/alonsolopez/.rvm/gems/ruby-3.0.0/gems/railties-7.0.5/lib/rails/templates/rails/welcome/index.html.erb (Duration: 0.1ms | Allocations: 16)
Completed 200 OK in 2ms (Views: 0.6ms | ActiveRecord: 0.0ms | Allocations: 280)


Started GET "/" for 127.0.0.1 at 2023-06-23 19:33:43 -0600
Processing by Rails::WelcomeController#index as HTML
  Rendering /Users/alonsolopez/.rvm/gems/ruby-3.0.0/gems/railties-7.0.5/lib/rails/templates/rails/welcome/index.html.erb
  Rendered /Users/alonsolopez/.rvm/gems/ruby-3.0.0/gems/railties-7.0.5/lib/rails/templates/rails/welcome/index.html.erb (Duration: 0.1ms | Allocations: 15)
Completed 200 OK in 2ms (Views: 0.8ms | ActiveRecord: 0.0ms | Allocations: 274)


Started GET "/" for 127.0.0.1 at 2023-06-23 19:33:45 -0600
Processing by Rails::WelcomeController#index as HTML
  Rendering /Users/alonsolopez/.rvm/gems/ruby-3.0.0/gems/railties-7.0.5/lib/rails/templates/rails/welcome/index.html.erb
  Rendered /Users/alonsolopez/.rvm/gems/ruby-3.0.0/gems/railties-7.0.5/lib/rails/templates/rails/welcome/index.html.erb (Duration: 0.2ms | Allocations: 16)
Completed 200 OK in 2ms (Views: 0.9ms | ActiveRecord: 0.0ms | Allocations: 279)


Started GET "/" for 127.0.0.1 at 2023-06-23 19:33:46 -0600
Processing by Rails::WelcomeController#index as HTML
  Rendering /Users/alonsolopez/.rvm/gems/ruby-3.0.0/gems/railties-7.0.5/lib/rails/templates/rails/welcome/index.html.erb
  Rendered /Users/alonsolopez/.rvm/gems/ruby-3.0.0/gems/railties-7.0.5/lib/rails/templates/rails/welcome/index.html.erb (Duration: 0.1ms | Allocations: 15)
Completed 200 OK in 2ms (Views: 1.0ms | ActiveRecord: 0.0ms | Allocations: 274)


Started GET "/" for 127.0.0.1 at 2023-06-23 19:34:41 -0600
Processing by Rails::WelcomeController#index as HTML
  Rendering /Users/alonsolopez/.rvm/gems/ruby-3.0.0/gems/railties-7.0.5/lib/rails/templates/rails/welcome/index.html.erb
  Rendered /Users/alonsolopez/.rvm/gems/ruby-3.0.0/gems/railties-7.0.5/lib/rails/templates/rails/welcome/index.html.erb (Duration: 0.7ms | Allocations: 733)
Completed 200 OK in 7ms (Views: 1.9ms | ActiveRecord: 0.0ms | Allocations: 7074)


Started GET "/" for 127.0.0.1 at 2023-06-23 19:34:42 -0600
Processing by Rails::WelcomeController#index as HTML
  Rendering /Users/alonsolopez/.rvm/gems/ruby-3.0.0/gems/railties-7.0.5/lib/rails/templates/rails/welcome/index.html.erb
  Rendered /Users/alonsolopez/.rvm/gems/ruby-3.0.0/gems/railties-7.0.5/lib/rails/templates/rails/welcome/index.html.erb (Duration: 1.0ms | Allocations: 454)
Completed 200 OK in 5ms (Views: 2.5ms | ActiveRecord: 0.0ms | Allocations: 1367)


Started GET "/" for 127.0.0.1 at 2023-06-23 19:35:15 -0600
Processing by Rails::WelcomeController#index as HTML
  Rendering /Users/alonsolopez/.rvm/gems/ruby-3.0.0/gems/railties-7.0.5/lib/rails/templates/rails/welcome/index.html.erb
  Rendered /Users/alonsolopez/.rvm/gems/ruby-3.0.0/gems/railties-7.0.5/lib/rails/templates/rails/welcome/index.html.erb (Duration: 0.1ms | Allocations: 16)
Completed 200 OK in 2ms (Views: 0.4ms | ActiveRecord: 0.0ms | Allocations: 281)


Started GET "/" for 127.0.0.1 at 2023-06-23 19:39:26 -0600
Processing by Rails::WelcomeController#index as HTML
  Rendering /Users/alonsolopez/.rvm/gems/ruby-3.0.0/gems/railties-7.0.5/lib/rails/templates/rails/welcome/index.html.erb
  Rendered /Users/alonsolopez/.rvm/gems/ruby-3.0.0/gems/railties-7.0.5/lib/rails/templates/rails/welcome/index.html.erb (Duration: 0.3ms | Allocations: 16)
Completed 200 OK in 3ms (Views: 1.4ms | ActiveRecord: 0.0ms | Allocations: 280)


Started GET "/" for 127.0.0.1 at 2023-06-23 19:39:33 -0600
Processing by Rails::WelcomeController#index as HTML
  Rendering /Users/alonsolopez/.rvm/gems/ruby-3.0.0/gems/railties-7.0.5/lib/rails/templates/rails/welcome/index.html.erb
  Rendered /Users/alonsolopez/.rvm/gems/ruby-3.0.0/gems/railties-7.0.5/lib/rails/templates/rails/welcome/index.html.erb (Duration: 0.1ms | Allocations: 16)
Completed 200 OK in 2ms (Views: 0.7ms | ActiveRecord: 0.0ms | Allocations: 279)


  [1m[35m (26.0ms)[0m  [1m[35mCREATE TABLE "schema_migrations" ("version" character varying NOT NULL PRIMARY KEY)[0m
  [1m[35m (4.1ms)[0m  [1m[35mCREATE TABLE "ar_internal_metadata" ("key" character varying NOT NULL PRIMARY KEY, "value" character varying, "created_at" timestamp(6) NOT NULL, "updated_at" timestamp(6) NOT NULL)[0m
  [1m[35m (0.4ms)[0m  [1m[34mSELECT pg_try_advisory_lock(5720375206609726950)[0m
  [1m[36mActiveRecord::SchemaMigration Pluck (0.4ms)[0m  [1m[34mSELECT "schema_migrations"."version" FROM "schema_migrations" ORDER BY "schema_migrations"."version" ASC[0m
Migrating to CreateUsers (20230624014103)
  [1m[36mTRANSACTION (0.1ms)[0m  [1m[35mBEGIN[0m
  [1m[35m (4.7ms)[0m  [1m[35mCREATE TABLE "users" ("id" bigserial primary key, "username" character varying, "password" character varying, "created_at" timestamp(6) NOT NULL, "updated_at" timestamp(6) NOT NULL)[0m
  [1m[36mActiveRecord::SchemaMigration Create (1.1ms)[0m  [1m[32mINSERT INTO "schema_migrations" ("version") VALUES ($1) RETURNING "version"[0m  [["version", "20230624014103"]]
  [1m[36mTRANSACTION (0.2ms)[0m  [1m[35mCOMMIT[0m
  [1m[36mActiveRecord::InternalMetadata Load (0.5ms)[0m  [1m[34mSELECT "ar_internal_metadata".* FROM "ar_internal_metadata" WHERE "ar_internal_metadata"."key" = $1 LIMIT $2[0m  [["key", "environment"], ["LIMIT", 1]]
  [1m[36mTRANSACTION (0.1ms)[0m  [1m[35mBEGIN[0m
  [1m[36mActiveRecord::InternalMetadata Create (0.9ms)[0m  [1m[32mINSERT INTO "ar_internal_metadata" ("key", "value", "created_at", "updated_at") VALUES ($1, $2, $3, $4) RETURNING "key"[0m  [["key", "environment"], ["value", "development"], ["created_at", "2023-06-24 01:41:42.979832"], ["updated_at", "2023-06-24 01:41:42.979832"]]
  [1m[36mTRANSACTION (0.2ms)[0m  [1m[35mCOMMIT[0m
  [1m[35m (0.2ms)[0m  [1m[34mSELECT pg_advisory_unlock(5720375206609726950)[0m
  [1m[36mActiveRecord::SchemaMigration Pluck (0.5ms)[0m  [1m[34mSELECT "schema_migrations"."version" FROM "schema_migrations" ORDER BY "schema_migrations"."version" ASC[0m
  [1m[36mActiveRecord::SchemaMigration Pluck (0.8ms)[0m  [1m[34mSELECT "schema_migrations"."version" FROM "schema_migrations" ORDER BY "schema_migrations"."version" ASC[0m
  [1m[36mActiveRecord::SchemaMigration Pluck (0.7ms)[0m  [1m[34mSELECT "schema_migrations"."version" FROM "schema_migrations" ORDER BY "schema_migrations"."version" ASC[0m
  [1m[36mTRANSACTION (0.1ms)[0m  [1m[35mBEGIN[0m
  [1m[36mUser Create (1.3ms)[0m  [1m[32mINSERT INTO "users" ("username", "password", "created_at", "updated_at") VALUES ($1, $2, $3, $4) RETURNING "id"[0m  [["username", "Alonso"], ["password", "[FILTERED]"], ["created_at", "2023-06-24 01:49:56.048687"], ["updated_at", "2023-06-24 01:49:56.048687"]]
  [1m[36mTRANSACTION (0.5ms)[0m  [1m[35mCOMMIT[0m
  [1m[36mTRANSACTION (0.1ms)[0m  [1m[35mBEGIN[0m
  [1m[36mUser Create (0.2ms)[0m  [1m[32mINSERT INTO "users" ("username", "password", "created_at", "updated_at") VALUES ($1, $2, $3, $4) RETURNING "id"[0m  [["username", "Juan"], ["password", "[FILTERED]"], ["created_at", "2023-06-24 01:49:56.051915"], ["updated_at", "2023-06-24 01:49:56.051915"]]
  [1m[36mTRANSACTION (0.1ms)[0m  [1m[35mCOMMIT[0m
  [1m[36mUser Load (0.7ms)[0m  [1m[34mSELECT "users".* FROM "users"[0m
  [1m[36mUser Load (0.4ms)[0m  [1m[34mSELECT "users".* FROM "users" WHERE "users"."id" = $1 LIMIT $2[0m  [["id", 2], ["LIMIT", 1]]
Started GET "/" for 127.0.0.1 at 2023-06-23 20:11:54 -0600
  [1m[36mActiveRecord::SchemaMigration Pluck (0.9ms)[0m  [1m[34mSELECT "schema_migrations"."version" FROM "schema_migrations" ORDER BY "schema_migrations"."version" ASC[0m
Processing by Rails::WelcomeController#index as HTML
  Rendering /Users/alonsolopez/.rvm/gems/ruby-3.0.0/gems/railties-7.0.5/lib/rails/templates/rails/welcome/index.html.erb
  Rendered /Users/alonsolopez/.rvm/gems/ruby-3.0.0/gems/railties-7.0.5/lib/rails/templates/rails/welcome/index.html.erb (Duration: 0.9ms | Allocations: 733)
Completed 200 OK in 9ms (Views: 2.4ms | ActiveRecord: 0.0ms | Allocations: 7084)


Started GET "/" for 127.0.0.1 at 2023-06-23 20:11:56 -0600
Processing by Rails::WelcomeController#index as HTML
  Rendering /Users/alonsolopez/.rvm/gems/ruby-3.0.0/gems/railties-7.0.5/lib/rails/templates/rails/welcome/index.html.erb
  Rendered /Users/alonsolopez/.rvm/gems/ruby-3.0.0/gems/railties-7.0.5/lib/rails/templates/rails/welcome/index.html.erb (Duration: 1.0ms | Allocations: 457)
Completed 200 OK in 5ms (Views: 2.9ms | ActiveRecord: 0.0ms | Allocations: 1375)


Started GET "/" for 127.0.0.1 at 2023-06-23 20:12:15 -0600
Processing by Rails::WelcomeController#index as HTML
  Rendering /Users/alonsolopez/.rvm/gems/ruby-3.0.0/gems/railties-7.0.5/lib/rails/templates/rails/welcome/index.html.erb
  Rendered /Users/alonsolopez/.rvm/gems/ruby-3.0.0/gems/railties-7.0.5/lib/rails/templates/rails/welcome/index.html.erb (Duration: 0.2ms | Allocations: 16)
Completed 200 OK in 2ms (Views: 1.0ms | ActiveRecord: 0.0ms | Allocations: 281)


Started GET "/users" for 127.0.0.1 at 2023-06-23 20:12:21 -0600
Processing by UserController#index as HTML
  Rendering layout layouts/application.html.erb
  Rendering user/index.html.erb within layouts/application
  [1m[36mUser Load (1.0ms)[0m  [1m[34mSELECT "users".* FROM "users"[0m
  ↳ app/views/user/index.html.erb:4
  Rendered user/index.html.erb within layouts/application (Duration: 16.6ms | Allocations: 16317)
  Rendered layout layouts/application.html.erb (Duration: 214.7ms | Allocations: 113151)
Completed 200 OK in 219ms (Views: 210.0ms | ActiveRecord: 6.2ms | Allocations: 114866)


Started GET "/users" for 127.0.0.1 at 2023-06-23 20:23:01 -0600
  [1m[36mActiveRecord::SchemaMigration Pluck (0.9ms)[0m  [1m[34mSELECT "schema_migrations"."version" FROM "schema_migrations" ORDER BY "schema_migrations"."version" ASC[0m
Processing by UserController#index as HTML
  Rendering layout layouts/application.html.erb
  Rendering user/index.html.erb within layouts/application
  [1m[36mUser Load (0.6ms)[0m  [1m[34mSELECT "users".* FROM "users"[0m
  ↳ app/views/user/index.html.erb:4
  Rendered user/index.html.erb within layouts/application (Duration: 17.7ms | Allocations: 16601)
  Rendered layout layouts/application.html.erb (Duration: 41.9ms | Allocations: 51926)
Completed 200 OK in 54ms (Views: 39.6ms | ActiveRecord: 4.2ms | Allocations: 59049)


Started GET "/users" for 127.0.0.1 at 2023-06-23 20:25:22 -0600
Processing by UserController#index as HTML
  Rendering layout layouts/application.html.erb
  Rendering user/index.html.erb within layouts/application
  [1m[36mUser Load (0.7ms)[0m  [1m[34mSELECT "users".* FROM "users"[0m
  ↳ app/views/user/index.html.erb:4
  Rendered user/index.html.erb within layouts/application (Duration: 16.6ms | Allocations: 739)
  Rendered layout layouts/application.html.erb (Duration: 24.2ms | Allocations: 3453)
Completed 200 OK in 31ms (Views: 26.6ms | ActiveRecord: 0.7ms | Allocations: 4564)


Started GET "/users" for 127.0.0.1 at 2023-06-23 20:27:00 -0600
Processing by UserController#index as HTML
  Rendering layout layouts/application.html.erb
  Rendering user/index.html.erb within layouts/application
  [1m[36mUser Load (0.6ms)[0m  [1m[34mSELECT "users".* FROM "users"[0m
  ↳ app/views/user/index.html.erb:4
  Rendered user/index.html.erb within layouts/application (Duration: 16.5ms | Allocations: 738)
  Rendered layout layouts/application.html.erb (Duration: 23.7ms | Allocations: 3456)
Completed 200 OK in 32ms (Views: 27.1ms | ActiveRecord: 0.6ms | Allocations: 4564)


Started GET "/users" for 127.0.0.1 at 2023-06-23 20:28:29 -0600
Processing by UserController#index as HTML
  Rendering layout layouts/application.html.erb
  Rendering user/index.html.erb within layouts/application
  [1m[36mUser Load (0.3ms)[0m  [1m[34mSELECT "users".* FROM "users"[0m
  ↳ app/views/user/index.html.erb:4
  Rendered user/index.html.erb within layouts/application (Duration: 3.3ms | Allocations: 731)
  Rendered layout layouts/application.html.erb (Duration: 10.7ms | Allocations: 3446)
Completed 200 OK in 18ms (Views: 14.4ms | ActiveRecord: 0.3ms | Allocations: 4545)


Started GET "/users" for 127.0.0.1 at 2023-06-23 20:40:14 -0600
Processing by UserController#index as HTML
  Rendering layout layouts/application.html.erb
  Rendering user/index.html.erb within layouts/application
  Rendered user/index.html.erb within layouts/application (Duration: 14.7ms | Allocations: 3870)
  Rendered layout layouts/application.html.erb (Duration: 14.9ms | Allocations: 3944)
Completed 500 Internal Server Error in 22ms (Allocations: 5035)


  
ActionView::SyntaxErrorInTemplate (Encountered a syntax error while rendering template: check 

<table>
 <tr>
  <td>id</td>
  <td>Usuario</td>
 </tr>

<%@user_list.each do |u|%>
  <tr>
   <td>u.id</td>
   <td>u.username</td>
     <a href="#">Consultar</a>  |
     <a href="#">Modificar</a>  | 
     <a href="#">Eliminar</a>   |
  </tr>
<& end %
>
</table>

):
1:    
2:    
3:    <table>
4:     <tr>
5:      <td>id</td>
6:      <td>Usuario</td>
7:     </tr>
8:    
9:    <%@user_list.each do |u|%>
10:      <tr>
11:       <td>u.id</td>
12:       <td>u.username</td>
13:         <a href="#">Consultar</a>  |
14:         <a href="#">Modificar</a>  | 
15:         <a href="#">Eliminar</a>   |
16:      </tr>
17:    <& end %
18:    >
19:    </table>
  
app/views/user/index.html.erb:22: syntax error, unexpected end-of-input, expecting `end'
app/views/user/index.html.erb:22: syntax error, unexpected end-of-input, expecting `end'
app/views/user/index.html.erb:22: syntax error, unexpected end-of-input, expecting `end'
app/views/user/index.html.erb:22: syntax error, unexpected end-of-input, expecting `end'
app/views/user/index.html.erb:22: syntax error, unexpected end-of-input, expecting `end'
app/views/user/index.html.erb:22: syntax error, unexpected end-of-input, expecting `end'
Started GET "/users" for 127.0.0.1 at 2023-06-23 20:42:59 -0600
Processing by UserController#index as HTML
  Rendering layout layouts/application.html.erb
  Rendering user/index.html.erb within layouts/application
  Rendered user/index.html.erb within layouts/application (Duration: 0.7ms | Allocations: 1097)
  Rendered layout layouts/application.html.erb (Duration: 0.9ms | Allocations: 1170)
Completed 500 Internal Server Error in 7ms (Allocations: 2235)


  
ActionView::SyntaxErrorInTemplate (Encountered a syntax error while rendering template: check 

<table>
 <tr>
  <td>id</td>
  <td>Usuario</td>
 </tr>

<% @user_list.each do |u| %>
  <tr>
   <td><&= u.id %></td>
   <td><%= u.username %></td>
     <a href="#">Consultar</a>  |
     <a href="#">Modificar</a>  | 
     <a href="#">Eliminar</a>   |
  </tr>
<& end %>
</table>

):
1:    
2:    
3:    <table>
4:     <tr>
5:      <td>id</td>
6:      <td>Usuario</td>
7:     </tr>
8:    
9:    <% @user_list.each do |u| %>
10:      <tr>
11:       <td><&= u.id %></td>
12:       <td><%= u.username %></td>
13:         <a href="#">Consultar</a>  |
14:         <a href="#">Modificar</a>  | 
15:         <a href="#">Eliminar</a>   |
16:      </tr>
17:    <& end %>
18:    </table>
  
app/views/user/index.html.erb:21: syntax error, unexpected end-of-input, expecting `end'
app/views/user/index.html.erb:21: syntax error, unexpected end-of-input, expecting `end'
app/views/user/index.html.erb:21: syntax error, unexpected end-of-input, expecting `end'
app/views/user/index.html.erb:21: syntax error, unexpected end-of-input, expecting `end'
app/views/user/index.html.erb:21: syntax error, unexpected end-of-input, expecting `end'
app/views/user/index.html.erb:21: syntax error, unexpected end-of-input, expecting `end'
Started GET "/users" for 127.0.0.1 at 2023-06-23 20:43:05 -0600
Processing by UserController#index as HTML
  Rendering layout layouts/application.html.erb
  Rendering user/index.html.erb within layouts/application
  Rendered user/index.html.erb within layouts/application (Duration: 0.8ms | Allocations: 1086)
  Rendered layout layouts/application.html.erb (Duration: 0.9ms | Allocations: 1158)
Completed 500 Internal Server Error in 2ms (Allocations: 1450)


  
ActionView::SyntaxErrorInTemplate (Encountered a syntax error while rendering template: check 

<table>
 <tr>
  <td>id</td>
  <td>Usuario</td>
 </tr>

<% @user_list.each do |u| %>
  <tr>
   <td><&= u.id %></td>
   <td><%= u.username %></td>
     <a href="#">Consultar</a>  |
     <a href="#">Modificar</a>  | 
     <a href="#">Eliminar</a>   |
  </tr>
<& end %>
</table>

):
1:    
2:    
3:    <table>
4:     <tr>
5:      <td>id</td>
6:      <td>Usuario</td>
7:     </tr>
8:    
9:    <% @user_list.each do |u| %>
10:      <tr>
11:       <td><&= u.id %></td>
12:       <td><%= u.username %></td>
13:         <a href="#">Consultar</a>  |
14:         <a href="#">Modificar</a>  | 
15:         <a href="#">Eliminar</a>   |
16:      </tr>
17:    <& end %>
18:    </table>
  
app/views/user/index.html.erb:21: syntax error, unexpected end-of-input, expecting `end'
app/views/user/index.html.erb:21: syntax error, unexpected end-of-input, expecting `end'
app/views/user/index.html.erb:21: syntax error, unexpected end-of-input, expecting `end'
app/views/user/index.html.erb:21: syntax error, unexpected end-of-input, expecting `end'
app/views/user/index.html.erb:21: syntax error, unexpected end-of-input, expecting `end'
app/views/user/index.html.erb:21: syntax error, unexpected end-of-input, expecting `end'
Started GET "/" for 127.0.0.1 at 2023-06-23 20:43:12 -0600
Processing by Rails::WelcomeController#index as HTML
  Rendering /Users/alonsolopez/.rvm/gems/ruby-3.0.0/gems/railties-7.0.5/lib/rails/templates/rails/welcome/index.html.erb
  Rendered /Users/alonsolopez/.rvm/gems/ruby-3.0.0/gems/railties-7.0.5/lib/rails/templates/rails/welcome/index.html.erb (Duration: 1.8ms | Allocations: 459)
Completed 200 OK in 5ms (Views: 3.5ms | Allocations: 1377)


Started GET "/users" for 127.0.0.1 at 2023-06-23 20:43:25 -0600
Processing by UserController#index as HTML
  Rendering layout layouts/application.html.erb
  Rendering user/index.html.erb within layouts/application
  Rendered user/index.html.erb within layouts/application (Duration: 1.1ms | Allocations: 1096)
  Rendered layout layouts/application.html.erb (Duration: 1.5ms | Allocations: 1169)
Completed 500 Internal Server Error in 7ms (Allocations: 2233)


  
ActionView::SyntaxErrorInTemplate (Encountered a syntax error while rendering template: check 

<table>
 <tr>
  <td>id</td>
  <td>Usuario</td>
 </tr>

<% @user_list.each do |u| %>
  <tr>
   <td><&= u.id %></td>
   <td><%= u.username %></td>
     <a href="#">Consultar</a>  |
     <a href="#">Modificar</a>  | 
     <a href="#">Eliminar</a>   |
  </tr>
<& end %>
</table>

):
1:    
2:    
3:    <table>
4:     <tr>
5:      <td>id</td>
6:      <td>Usuario</td>
7:     </tr>
8:    
9:    <% @user_list.each do |u| %>
10:      <tr>
11:       <td><&= u.id %></td>
12:       <td><%= u.username %></td>
13:         <a href="#">Consultar</a>  |
14:         <a href="#">Modificar</a>  | 
15:         <a href="#">Eliminar</a>   |
16:      </tr>
17:    <& end %>
18:    </table>
  
app/views/user/index.html.erb:21: syntax error, unexpected end-of-input, expecting `end'
app/views/user/index.html.erb:21: syntax error, unexpected end-of-input, expecting `end'
app/views/user/index.html.erb:21: syntax error, unexpected end-of-input, expecting `end'
app/views/user/index.html.erb:21: syntax error, unexpected end-of-input, expecting `end'
app/views/user/index.html.erb:21: syntax error, unexpected end-of-input, expecting `end'
app/views/user/index.html.erb:21: syntax error, unexpected end-of-input, expecting `end'
Started GET "/users" for 127.0.0.1 at 2023-06-23 20:46:17 -0600
Processing by UserController#index as HTML
  Rendering layout layouts/application.html.erb
  Rendering user/index.html.erb within layouts/application
  Rendered user/index.html.erb within layouts/application (Duration: 4.6ms | Allocations: 1101)
  Rendered layout layouts/application.html.erb (Duration: 5.0ms | Allocations: 1175)
Completed 500 Internal Server Error in 17ms (Allocations: 2249)


  
ActionView::SyntaxErrorInTemplate (Encountered a syntax error while rendering template: check 

<table>
 <tr>
  <td>Id</td>
  <td>Usuario</td>
  <td></td>
 </tr>

<% @user_list.each do |u| %>
  <tr>
   <td><&= u.id %></td>
   <td><%= u.username %></td>
   <td>  
     <a href="#">Consultar</a>  |
     <a href="#">Modificar</a>  | 
     <a href="#">Eliminar</a>   |
   </td>
  </tr>
<& end %>

</table>

):
1:    
2:    
3:    <table>
4:     <tr>
5:      <td>Id</td>
6:      <td>Usuario</td>
7:      <td></td>
8:     </tr>
9:    
10:    <% @user_list.each do |u| %>
11:      <tr>
12:       <td><&= u.id %></td>
13:       <td><%= u.username %></td>
14:       <td>  
15:         <a href="#">Consultar</a>  |
16:         <a href="#">Modificar</a>  | 
17:         <a href="#">Eliminar</a>   |
18:       </td>
19:      </tr>
20:    <& end %>
21:    
22:    </table>
  
app/views/user/index.html.erb:25: syntax error, unexpected end-of-input, expecting `end'
app/views/user/index.html.erb:25: syntax error, unexpected end-of-input, expecting `end'
app/views/user/index.html.erb:25: syntax error, unexpected end-of-input, expecting `end'
app/views/user/index.html.erb:25: syntax error, unexpected end-of-input, expecting `end'
app/views/user/index.html.erb:25: syntax error, unexpected end-of-input, expecting `end'
app/views/user/index.html.erb:25: syntax error, unexpected end-of-input, expecting `end'
Started GET "/users" for 127.0.0.1 at 2023-06-23 20:46:18 -0600
Processing by UserController#index as HTML
  Rendering layout layouts/application.html.erb
  Rendering user/index.html.erb within layouts/application
  Rendered user/index.html.erb within layouts/application (Duration: 1.6ms | Allocations: 1100)
  Rendered layout layouts/application.html.erb (Duration: 2.0ms | Allocations: 1173)
Completed 500 Internal Server Error in 7ms (Allocations: 2238)


  
ActionView::SyntaxErrorInTemplate (Encountered a syntax error while rendering template: check 

<table>
 <tr>
  <td>Id</td>
  <td>Usuario</td>
  <td></td>
 </tr>

<% @user_list.each do |u| %>
  <tr>
   <td><&= u.id %></td>
   <td><%= u.username %></td>
   <td>  
     <a href="#">Consultar</a>  |
     <a href="#">Modificar</a>  | 
     <a href="#">Eliminar</a>   |
   </td>
  </tr>
<& end %>

</table>

):
1:    
2:    
3:    <table>
4:     <tr>
5:      <td>Id</td>
6:      <td>Usuario</td>
7:      <td></td>
8:     </tr>
9:    
10:    <% @user_list.each do |u| %>
11:      <tr>
12:       <td><&= u.id %></td>
13:       <td><%= u.username %></td>
14:       <td>  
15:         <a href="#">Consultar</a>  |
16:         <a href="#">Modificar</a>  | 
17:         <a href="#">Eliminar</a>   |
18:       </td>
19:      </tr>
20:    <& end %>
21:    
22:    </table>
  
app/views/user/index.html.erb:25: syntax error, unexpected end-of-input, expecting `end'
app/views/user/index.html.erb:25: syntax error, unexpected end-of-input, expecting `end'
app/views/user/index.html.erb:25: syntax error, unexpected end-of-input, expecting `end'
app/views/user/index.html.erb:25: syntax error, unexpected end-of-input, expecting `end'
app/views/user/index.html.erb:25: syntax error, unexpected end-of-input, expecting `end'
app/views/user/index.html.erb:25: syntax error, unexpected end-of-input, expecting `end'
Started GET "/users" for 127.0.0.1 at 2023-06-23 20:46:19 -0600
Processing by UserController#index as HTML
  Rendering layout layouts/application.html.erb
  Rendering user/index.html.erb within layouts/application
  Rendered user/index.html.erb within layouts/application (Duration: 1.3ms | Allocations: 1089)
  Rendered layout layouts/application.html.erb (Duration: 1.6ms | Allocations: 1161)
Completed 500 Internal Server Error in 4ms (Allocations: 1452)


  
ActionView::SyntaxErrorInTemplate (Encountered a syntax error while rendering template: check 

<table>
 <tr>
  <td>Id</td>
  <td>Usuario</td>
  <td></td>
 </tr>

<% @user_list.each do |u| %>
  <tr>
   <td><&= u.id %></td>
   <td><%= u.username %></td>
   <td>  
     <a href="#">Consultar</a>  |
     <a href="#">Modificar</a>  | 
     <a href="#">Eliminar</a>   |
   </td>
  </tr>
<& end %>

</table>

):
1:    
2:    
3:    <table>
4:     <tr>
5:      <td>Id</td>
6:      <td>Usuario</td>
7:      <td></td>
8:     </tr>
9:    
10:    <% @user_list.each do |u| %>
11:      <tr>
12:       <td><&= u.id %></td>
13:       <td><%= u.username %></td>
14:       <td>  
15:         <a href="#">Consultar</a>  |
16:         <a href="#">Modificar</a>  | 
17:         <a href="#">Eliminar</a>   |
18:       </td>
19:      </tr>
20:    <& end %>
21:    
22:    </table>
  
app/views/user/index.html.erb:25: syntax error, unexpected end-of-input, expecting `end'
app/views/user/index.html.erb:25: syntax error, unexpected end-of-input, expecting `end'
app/views/user/index.html.erb:25: syntax error, unexpected end-of-input, expecting `end'
app/views/user/index.html.erb:25: syntax error, unexpected end-of-input, expecting `end'
app/views/user/index.html.erb:25: syntax error, unexpected end-of-input, expecting `end'
app/views/user/index.html.erb:25: syntax error, unexpected end-of-input, expecting `end'
Started GET "/users" for 127.0.0.1 at 2023-06-23 20:46:19 -0600
Processing by UserController#index as HTML
  Rendering layout layouts/application.html.erb
  Rendering user/index.html.erb within layouts/application
  Rendered user/index.html.erb within layouts/application (Duration: 0.5ms | Allocations: 1087)
  Rendered layout layouts/application.html.erb (Duration: 0.6ms | Allocations: 1159)
Completed 500 Internal Server Error in 1ms (Allocations: 1449)


  
ActionView::SyntaxErrorInTemplate (Encountered a syntax error while rendering template: check 

<table>
 <tr>
  <td>Id</td>
  <td>Usuario</td>
  <td></td>
 </tr>

<% @user_list.each do |u| %>
  <tr>
   <td><&= u.id %></td>
   <td><%= u.username %></td>
   <td>  
     <a href="#">Consultar</a>  |
     <a href="#">Modificar</a>  | 
     <a href="#">Eliminar</a>   |
   </td>
  </tr>
<& end %>

</table>

):
1:    
2:    
3:    <table>
4:     <tr>
5:      <td>Id</td>
6:      <td>Usuario</td>
7:      <td></td>
8:     </tr>
9:    
10:    <% @user_list.each do |u| %>
11:      <tr>
12:       <td><&= u.id %></td>
13:       <td><%= u.username %></td>
14:       <td>  
15:         <a href="#">Consultar</a>  |
16:         <a href="#">Modificar</a>  | 
17:         <a href="#">Eliminar</a>   |
18:       </td>
19:      </tr>
20:    <& end %>
21:    
22:    </table>
  
app/views/user/index.html.erb:25: syntax error, unexpected end-of-input, expecting `end'
app/views/user/index.html.erb:25: syntax error, unexpected end-of-input, expecting `end'
app/views/user/index.html.erb:25: syntax error, unexpected end-of-input, expecting `end'
app/views/user/index.html.erb:25: syntax error, unexpected end-of-input, expecting `end'
app/views/user/index.html.erb:25: syntax error, unexpected end-of-input, expecting `end'
app/views/user/index.html.erb:25: syntax error, unexpected end-of-input, expecting `end'
Started GET "/users" for 127.0.0.1 at 2023-06-23 20:49:40 -0600
  [1m[36mActiveRecord::SchemaMigration Pluck (3.7ms)[0m  [1m[34mSELECT "schema_migrations"."version" FROM "schema_migrations" ORDER BY "schema_migrations"."version" ASC[0m
Processing by UserController#index as HTML
  Rendering layout layouts/application.html.erb
  Rendering user/index.html.erb within layouts/application
  [1m[36mUser Load (0.8ms)[0m  [1m[34mSELECT "users".* FROM "users"[0m
  ↳ app/views/user/index.html.erb:10
  Rendered user/index.html.erb within layouts/application (Duration: 34.6ms | Allocations: 16647)
  Rendered layout layouts/application.html.erb (Duration: 56.7ms | Allocations: 52157)
Completed 200 OK in 64ms (Views: 37.6ms | ActiveRecord: 20.6ms | Allocations: 59280)


Started GET "/users" for 127.0.0.1 at 2023-06-23 20:49:42 -0600
Processing by UserController#index as HTML
  Rendering layout layouts/application.html.erb
  Rendering user/index.html.erb within layouts/application
  [1m[36mUser Load (0.4ms)[0m  [1m[34mSELECT "users".* FROM "users"[0m
  ↳ app/views/user/index.html.erb:10
  Rendered user/index.html.erb within layouts/application (Duration: 2.6ms | Allocations: 559)
  Rendered layout layouts/application.html.erb (Duration: 7.8ms | Allocations: 2946)
Completed 200 OK in 10ms (Views: 8.2ms | ActiveRecord: 0.4ms | Allocations: 3280)


Started GET "/users" for 127.0.0.1 at 2023-06-23 21:10:03 -0600
  [1m[36mActiveRecord::SchemaMigration Pluck (1.5ms)[0m  [1m[34mSELECT "schema_migrations"."version" FROM "schema_migrations" ORDER BY "schema_migrations"."version" ASC[0m
Processing by UserController#index as HTML
  Rendering layout layouts/application.html.erb
  Rendering user/index.html.erb within layouts/application
  [1m[36mUser Load (1.0ms)[0m  [1m[34mSELECT "users".* FROM "users"[0m
  ↳ app/views/user/index.html.erb:10
  Rendered user/index.html.erb within layouts/application (Duration: 19.4ms | Allocations: 16646)
  Rendered layout layouts/application.html.erb (Duration: 48.4ms | Allocations: 52153)
Completed 200 OK in 57ms (Views: 44.6ms | ActiveRecord: 5.3ms | Allocations: 59277)


Started GET "/users/new" for 127.0.0.1 at 2023-06-23 21:10:25 -0600
Processing by UserController#new as HTML
  Rendering layout layouts/application.html.erb
  Rendering user/new.html.erb within layouts/application
  Rendered user/_form.html.erb (Duration: 3.5ms | Allocations: 1994)
  Rendered user/new.html.erb within layouts/application (Duration: 5.4ms | Allocations: 2271)
  Rendered layout layouts/application.html.erb (Duration: 5.5ms | Allocations: 2344)
Completed 500 Internal Server Error in 8ms (ActiveRecord: 0.0ms | Allocations: 2705)


  
ActionView::SyntaxErrorInTemplate (Encountered a syntax error while rendering template: check <%= form_tag :users_path %>

<%= label_tag :username %>
<%= text_field_tag :username %>

<%= label_tag :password %>
<%= text_field_tag :password %>

<% end %>

):
1:    <%= form_tag :users_path %>
2:    
3:    <%= label_tag :username %>
4:    <%= text_field_tag :username %>
5:    
6:    <%= label_tag :password %>
7:    <%= text_field_tag :password %>
8:    
9:    <% end %>
  
app/views/user/_form.html.erb:11: syntax error, unexpected `end', expecting end-of-input
app/views/user/_form.html.erb:11: syntax error, unexpected `end', expecting end-of-input
app/views/user/_form.html.erb:11: syntax error, unexpected `end', expecting end-of-input
app/views/user/_form.html.erb:11: syntax error, unexpected `end', expecting end-of-input
app/views/user/_form.html.erb:11: syntax error, unexpected `end', expecting end-of-input
app/views/user/_form.html.erb:11: syntax error, unexpected `end', expecting end-of-input
app/views/user/new.html.erb:1
Started GET "/users/new" for 127.0.0.1 at 2023-06-23 21:11:27 -0600
Processing by UserController#new as HTML
  Rendering layout layouts/application.html.erb
  Rendering user/new.html.erb within layouts/application
  Rendered user/_form.html.erb (Duration: 0.9ms | Allocations: 1272)
  Rendered user/new.html.erb within layouts/application (Duration: 2.2ms | Allocations: 1532)
  Rendered layout layouts/application.html.erb (Duration: 2.7ms | Allocations: 1606)
Completed 500 Internal Server Error in 9ms (ActiveRecord: 0.0ms | Allocations: 2665)


  
ActionView::SyntaxErrorInTemplate (Encountered a syntax error while rendering template: check <%= form_tag :users_path %>

<%= label_tag :username %>
<%= text_field_tag :username %>

<%= label_tag :password %>
<%= text_field_tag :password %>

<%= submit_tag %>

<% end %>

):
1:    <%= form_tag :users_path %>
2:    
3:    <%= label_tag :username %>
4:    <%= text_field_tag :username %>
5:    
6:    <%= label_tag :password %>
7:    <%= text_field_tag :password %>
8:    
9:    <%= submit_tag %>
10:    
11:    <% end %>
  
app/views/user/_form.html.erb:13: syntax error, unexpected `end', expecting end-of-input
app/views/user/_form.html.erb:13: syntax error, unexpected `end', expecting end-of-input
app/views/user/_form.html.erb:13: syntax error, unexpected `end', expecting end-of-input
app/views/user/_form.html.erb:13: syntax error, unexpected `end', expecting end-of-input
app/views/user/_form.html.erb:13: syntax error, unexpected `end', expecting end-of-input
app/views/user/_form.html.erb:13: syntax error, unexpected `end', expecting end-of-input
app/views/user/new.html.erb:1
Started GET "/users/new" for 127.0.0.1 at 2023-06-23 21:12:30 -0600
Processing by UserController#new as HTML
  Rendering layout layouts/application.html.erb
  Rendering user/new.html.erb within layouts/application
  Rendered user/_form.html.erb (Duration: 5.0ms | Allocations: 917)
  Rendered user/new.html.erb within layouts/application (Duration: 7.3ms | Allocations: 1203)
  Rendered layout layouts/application.html.erb (Duration: 14.4ms | Allocations: 3750)
Completed 200 OK in 21ms (Views: 18.1ms | ActiveRecord: 0.0ms | Allocations: 4838)


Started POST "/users" for 127.0.0.1 at 2023-06-23 21:13:03 -0600
Processing by UserController#create as TURBO_STREAM
  Parameters: {"authenticity_token"=>"[FILTERED]", "username"=>"joaquin", "password"=>"[FILTERED]", "commit"=>"Save changes"}
Completed 500 Internal Server Error in 11ms (ActiveRecord: 0.0ms | Allocations: 3329)


  
NameError (undefined local variable or method `param' for #<UserController:0x0000000000b6d0>
Did you mean?  params
               params=
               @_params):
  
app/controllers/user_controller.rb:25:in `user_param'
app/controllers/user_controller.rb:12:in `create'
Started GET "/users/new" for 127.0.0.1 at 2023-06-23 21:14:22 -0600
Processing by UserController#new as HTML
  Rendering layout layouts/application.html.erb
  Rendering user/new.html.erb within layouts/application
  Rendered user/_form.html.erb (Duration: 0.9ms | Allocations: 607)
  Rendered user/new.html.erb within layouts/application (Duration: 1.1ms | Allocations: 690)
  Rendered layout layouts/application.html.erb (Duration: 15.8ms | Allocations: 14497)
Completed 200 OK in 18ms (Views: 16.9ms | ActiveRecord: 0.0ms | Allocations: 15238)


Started POST "/users" for 127.0.0.1 at 2023-06-23 21:14:30 -0600
Processing by UserController#create as TURBO_STREAM
  Parameters: {"authenticity_token"=>"[FILTERED]", "username"=>"joaquin", "password"=>"[FILTERED]", "commit"=>"Save changes"}
Completed 500 Internal Server Error in 17ms (ActiveRecord: 0.0ms | Allocations: 3624)


  
NameError (undefined local variable or method `password' for #<UserController:0x0000000000f690>):
  
app/controllers/user_controller.rb:25:in `user_param'
app/controllers/user_controller.rb:12:in `create'
Started GET "/users/new" for 127.0.0.1 at 2023-06-23 21:15:37 -0600
Processing by UserController#new as HTML
  Rendering layout layouts/application.html.erb
  Rendering user/new.html.erb within layouts/application
  Rendered user/_form.html.erb (Duration: 0.8ms | Allocations: 611)
  Rendered user/new.html.erb within layouts/application (Duration: 1.0ms | Allocations: 694)
  Rendered layout layouts/application.html.erb (Duration: 10.8ms | Allocations: 14517)
Completed 200 OK in 12ms (Views: 11.4ms | ActiveRecord: 0.0ms | Allocations: 15256)


Started POST "/users" for 127.0.0.1 at 2023-06-23 21:15:43 -0600
Processing by UserController#create as TURBO_STREAM
  Parameters: {"authenticity_token"=>"[FILTERED]", "username"=>"joaquin", "password"=>"[FILTERED]", "commit"=>"Save changes"}
Completed 500 Internal Server Error in 17ms (ActiveRecord: 0.0ms | Allocations: 3619)


  
NameError (undefined local variable or method `password' for #<UserController:0x00000000013380>):
  
app/controllers/user_controller.rb:25:in `user_param'
app/controllers/user_controller.rb:12:in `create'
Started GET "/users/new" for 127.0.0.1 at 2023-06-23 21:16:19 -0600
Processing by UserController#new as HTML
  Rendering layout layouts/application.html.erb
  Rendering user/new.html.erb within layouts/application
  Rendered user/_form.html.erb (Duration: 1.1ms | Allocations: 609)
  Rendered user/new.html.erb within layouts/application (Duration: 1.2ms | Allocations: 692)
  Rendered layout layouts/application.html.erb (Duration: 11.8ms | Allocations: 14430)
Completed 200 OK in 13ms (Views: 12.6ms | ActiveRecord: 0.0ms | Allocations: 15172)


Started POST "/users" for 127.0.0.1 at 2023-06-23 21:16:24 -0600
Processing by UserController#create as TURBO_STREAM
  Parameters: {"authenticity_token"=>"[FILTERED]", "username"=>"joaquin", "password"=>"[FILTERED]", "commit"=>"Save changes"}
[31mUnpermitted parameters: :authenticity_token, :commit. Context: { controller: UserController, action: create, request: #<ActionDispatch::Request:0x000000010e6e9bc8>, params: {"authenticity_token"=>"[FILTERED]", "username"=>"joaquin", "password"=>"[FILTERED]", "commit"=>"Save changes", "controller"=>"user", "action"=>"create"} }[0m
  [1m[36mTRANSACTION (0.2ms)[0m  [1m[35mBEGIN[0m
  ↳ app/controllers/user_controller.rb:14:in `create'
  [1m[36mUser Create (3.0ms)[0m  [1m[32mINSERT INTO "users" ("username", "password", "created_at", "updated_at") VALUES ($1, $2, $3, $4) RETURNING "id"[0m  [["username", "joaquin"], ["password", "[FILTERED]"], ["created_at", "2023-06-24 03:16:24.407503"], ["updated_at", "2023-06-24 03:16:24.407503"]]
  ↳ app/controllers/user_controller.rb:14:in `create'
  [1m[36mTRANSACTION (1.6ms)[0m  [1m[35mCOMMIT[0m
  ↳ app/controllers/user_controller.rb:14:in `create'
Redirected to http://127.0.0.1:3000/users
Completed 302 Found in 31ms (ActiveRecord: 10.4ms | Allocations: 5409)


Started GET "/users" for 127.0.0.1 at 2023-06-23 21:16:24 -0600
Processing by UserController#index as TURBO_STREAM
  Rendering layout layouts/application.html.erb
  Rendering user/index.html.erb within layouts/application
  [1m[36mUser Load (0.3ms)[0m  [1m[34mSELECT "users".* FROM "users"[0m
  ↳ app/views/user/index.html.erb:10
  Rendered user/index.html.erb within layouts/application (Duration: 2.7ms | Allocations: 858)
  Rendered layout layouts/application.html.erb (Duration: 6.6ms | Allocations: 3262)
Completed 200 OK in 8ms (Views: 6.7ms | ActiveRecord: 0.3ms | Allocations: 3728)


Started GET "/users" for 127.0.0.1 at 2023-06-23 21:18:57 -0600
Processing by UserController#index as HTML
  Rendering layout layouts/application.html.erb
  Rendering user/index.html.erb within layouts/application
  [1m[36mUser Load (2.4ms)[0m  [1m[34mSELECT "users".* FROM "users"[0m
  ↳ app/views/user/index.html.erb:10
  Rendered user/index.html.erb within layouts/application (Duration: 35.2ms | Allocations: 802)
  Rendered layout layouts/application.html.erb (Duration: 46.4ms | Allocations: 3535)
Completed 200 OK in 54ms (Views: 48.2ms | ActiveRecord: 2.4ms | Allocations: 4636)


Started GET "/users/new" for 127.0.0.1 at 2023-06-23 21:18:58 -0600
Processing by UserController#new as HTML
  Rendering layout layouts/application.html.erb
  Rendering user/new.html.erb within layouts/application
  Rendered user/_form.html.erb (Duration: 3.3ms | Allocations: 839)
  Rendered user/new.html.erb within layouts/application (Duration: 5.1ms | Allocations: 1118)
  Rendered layout layouts/application.html.erb (Duration: 9.7ms | Allocations: 3649)
Completed 200 OK in 15ms (Views: 12.8ms | ActiveRecord: 0.0ms | Allocations: 4738)


Started GET "/users/users_path" for 127.0.0.1 at 2023-06-23 21:19:03 -0600
  
ActionController::RoutingError (No route matches [GET] "/users/users_path"):
  
Started GET "/users/users_path" for 127.0.0.1 at 2023-06-23 21:21:19 -0600
  
ActionController::RoutingError (No route matches [GET] "/users/users_path"):
  
Started GET "/users/users_path" for 127.0.0.1 at 2023-06-23 21:21:20 -0600
  
ActionController::RoutingError (No route matches [GET] "/users/users_path"):
  
Started GET "/users/users_path" for 127.0.0.1 at 2023-06-23 21:21:42 -0600
  
ActionController::RoutingError (No route matches [GET] "/users/users_path"):
  
Started GET "/users/users_path" for 127.0.0.1 at 2023-06-23 21:21:45 -0600
  
ActionController::RoutingError (No route matches [GET] "/users/users_path"):
  
Started GET "/users" for 127.0.0.1 at 2023-06-23 21:21:50 -0600
Processing by UserController#index as HTML
  Rendering layout layouts/application.html.erb
  Rendering user/index.html.erb within layouts/application
  [1m[36mUser Load (0.5ms)[0m  [1m[34mSELECT "users".* FROM "users"[0m
  ↳ app/views/user/index.html.erb:10
  Rendered user/index.html.erb within layouts/application (Duration: 3.9ms | Allocations: 808)
  Rendered layout layouts/application.html.erb (Duration: 10.7ms | Allocations: 3548)
Completed 200 OK in 17ms (Views: 13.4ms | ActiveRecord: 0.5ms | Allocations: 4609)


Started GET "/users/new" for 127.0.0.1 at 2023-06-23 21:21:52 -0600
Processing by UserController#new as HTML
  Rendering layout layouts/application.html.erb
  Rendering user/new.html.erb within layouts/application
  Rendered user/_form.html.erb (Duration: 2.2ms | Allocations: 825)
  Rendered user/new.html.erb within layouts/application (Duration: 4.2ms | Allocations: 1099)
  Rendered layout layouts/application.html.erb (Duration: 8.5ms | Allocations: 3314)
Completed 200 OK in 11ms (Views: 9.3ms | ActiveRecord: 0.0ms | Allocations: 3685)


Started GET "/users/users_path" for 127.0.0.1 at 2023-06-23 21:21:53 -0600
  
ActionController::RoutingError (No route matches [GET] "/users/users_path"):
  
Started GET "/users/new" for 127.0.0.1 at 2023-06-23 21:24:20 -0600
Processing by UserController#new as HTML
  Rendering layout layouts/application.html.erb
  Rendering user/new.html.erb within layouts/application
  Rendered user/_form.html.erb (Duration: 6.8ms | Allocations: 833)
  Rendered user/new.html.erb within layouts/application (Duration: 13.2ms | Allocations: 1112)
  Rendered layout layouts/application.html.erb (Duration: 27.2ms | Allocations: 3659)
Completed 200 OK in 35ms (Views: 33.3ms | ActiveRecord: 0.0ms | Allocations: 4746)


Started GET "/users/new" for 127.0.0.1 at 2023-06-23 21:24:22 -0600
Processing by UserController#new as HTML
  Rendering layout layouts/application.html.erb
  Rendering user/new.html.erb within layouts/application
  Rendered user/_form.html.erb (Duration: 1.1ms | Allocations: 574)
  Rendered user/new.html.erb within layouts/application (Duration: 1.4ms | Allocations: 649)
  Rendered layout layouts/application.html.erb (Duration: 6.3ms | Allocations: 2864)
Completed 200 OK in 9ms (Views: 7.3ms | ActiveRecord: 0.0ms | Allocations: 3179)


Started GET "/users/users_path" for 127.0.0.1 at 2023-06-23 21:24:24 -0600
  
ActionController::RoutingError (No route matches [GET] "/users/users_path"):
  
Started GET "/users/users_path" for 127.0.0.1 at 2023-06-23 21:24:25 -0600
  
ActionController::RoutingError (No route matches [GET] "/users/users_path"):
  
Started GET "/users/users_path" for 127.0.0.1 at 2023-06-23 21:24:26 -0600
  
ActionController::RoutingError (No route matches [GET] "/users/users_path"):
  
Started GET "/users/users_path" for 127.0.0.1 at 2023-06-23 21:25:11 -0600
  
ActionController::RoutingError (No route matches [GET] "/users/users_path"):
  
Started GET "/users/users_path" for 127.0.0.1 at 2023-06-23 21:25:11 -0600
  
ActionController::RoutingError (No route matches [GET] "/users/users_path"):
  
Started GET "/users/new" for 127.0.0.1 at 2023-06-23 21:25:14 -0600
Processing by UserController#new as HTML
  Rendering layout layouts/application.html.erb
  Rendering user/new.html.erb within layouts/application
  Rendered user/_form.html.erb (Duration: 2.9ms | Allocations: 831)
  Rendered user/new.html.erb within layouts/application (Duration: 3.9ms | Allocations: 1110)
  Rendered layout layouts/application.html.erb (Duration: 11.5ms | Allocations: 3657)
Completed 200 OK in 16ms (Views: 14.1ms | ActiveRecord: 0.0ms | Allocations: 4697)


Started GET "/users/users" for 127.0.0.1 at 2023-06-23 21:25:16 -0600
  
ActionController::RoutingError (No route matches [GET] "/users/users"):
  
Started GET "/users/new" for 127.0.0.1 at 2023-06-23 21:27:50 -0600
Processing by UserController#new as HTML
  Rendering layout layouts/application.html.erb
  Rendering user/new.html.erb within layouts/application
  Rendered user/_form.html.erb (Duration: 2.1ms | Allocations: 578)
  Rendered user/new.html.erb within layouts/application (Duration: 2.4ms | Allocations: 653)
  Rendered layout layouts/application.html.erb (Duration: 9.5ms | Allocations: 2884)
Completed 200 OK in 12ms (Views: 10.5ms | Allocations: 3194)


Started POST "/users" for 127.0.0.1 at 2023-06-23 21:28:09 -0600
Processing by UserController#create as TURBO_STREAM
  Parameters: {"authenticity_token"=>"[FILTERED]", "username"=>"carmen", "password"=>"[FILTERED]", "commit"=>"Save changes"}
[31mUnpermitted parameters: :authenticity_token, :commit. Context: { controller: UserController, action: create, request: #<ActionDispatch::Request:0x000000010e688c10>, params: {"authenticity_token"=>"[FILTERED]", "username"=>"carmen", "password"=>"[FILTERED]", "commit"=>"Save changes", "controller"=>"user", "action"=>"create"} }[0m
  [1m[36mTRANSACTION (0.1ms)[0m  [1m[35mBEGIN[0m
  ↳ app/controllers/user_controller.rb:14:in `create'
  [1m[36mUser Create (1.4ms)[0m  [1m[32mINSERT INTO "users" ("username", "password", "created_at", "updated_at") VALUES ($1, $2, $3, $4) RETURNING "id"[0m  [["username", "carmen"], ["password", "[FILTERED]"], ["created_at", "2023-06-24 03:28:09.711758"], ["updated_at", "2023-06-24 03:28:09.711758"]]
  ↳ app/controllers/user_controller.rb:14:in `create'
  [1m[36mTRANSACTION (0.9ms)[0m  [1m[35mCOMMIT[0m
  ↳ app/controllers/user_controller.rb:14:in `create'
Redirected to http://127.0.0.1:3000/users
Completed 302 Found in 38ms (ActiveRecord: 14.3ms | Allocations: 5043)


Started GET "/users" for 127.0.0.1 at 2023-06-23 21:28:09 -0600
Processing by UserController#index as TURBO_STREAM
  Rendering layout layouts/application.html.erb
  Rendering user/index.html.erb within layouts/application
  [1m[36mUser Load (0.5ms)[0m  [1m[34mSELECT "users".* FROM "users"[0m
  ↳ app/views/user/index.html.erb:10
  Rendered user/index.html.erb within layouts/application (Duration: 4.4ms | Allocations: 867)
  Rendered layout layouts/application.html.erb (Duration: 8.3ms | Allocations: 3285)
Completed 200 OK in 10ms (Views: 8.3ms | ActiveRecord: 0.5ms | Allocations: 3719)


Started GET "/users/new" for 127.0.0.1 at 2023-06-23 21:28:12 -0600
Processing by UserController#new as HTML
  Rendering layout layouts/application.html.erb
  Rendering user/new.html.erb within layouts/application
  Rendered user/_form.html.erb (Duration: 1.5ms | Allocations: 582)
  Rendered user/new.html.erb within layouts/application (Duration: 1.8ms | Allocations: 657)
  Rendered layout layouts/application.html.erb (Duration: 6.9ms | Allocations: 2872)
Completed 200 OK in 9ms (Views: 8.2ms | ActiveRecord: 0.0ms | Allocations: 3186)


Started GET "/users/users" for 127.0.0.1 at 2023-06-23 21:28:13 -0600
  
ActionController::RoutingError (No route matches [GET] "/users/users"):
  
Started GET "/users/users" for 127.0.0.1 at 2023-06-23 21:30:25 -0600
  
ActionController::RoutingError (No route matches [GET] "/users/users"):
  
Started GET "/users/users" for 127.0.0.1 at 2023-06-23 21:30:26 -0600
  
ActionController::RoutingError (No route matches [GET] "/users/users"):
  
Started GET "/users" for 127.0.0.1 at 2023-06-23 21:30:30 -0600
Processing by UserController#index as HTML
  Rendering layout layouts/application.html.erb
  Rendering user/index.html.erb within layouts/application
  [1m[36mUser Load (0.6ms)[0m  [1m[34mSELECT "users".* FROM "users"[0m
  ↳ app/views/user/index.html.erb:10
  Rendered user/index.html.erb within layouts/application (Duration: 5.3ms | Allocations: 824)
  Rendered layout layouts/application.html.erb (Duration: 14.2ms | Allocations: 3560)
Completed 200 OK in 20ms (Views: 16.9ms | ActiveRecord: 0.6ms | Allocations: 4613)


Started GET "/users/new" for 127.0.0.1 at 2023-06-23 21:30:32 -0600
Processing by UserController#new as HTML
  Rendering layout layouts/application.html.erb
  Rendering user/new.html.erb within layouts/application
  Rendered user/_form.html.erb (Duration: 2.7ms | Allocations: 831)
  Rendered user/new.html.erb within layouts/application (Duration: 4.1ms | Allocations: 1111)
  Rendered layout layouts/application.html.erb (Duration: 9.2ms | Allocations: 3326)
Completed 200 OK in 11ms (Views: 9.8ms | ActiveRecord: 0.0ms | Allocations: 3697)


Started POST "/users" for 127.0.0.1 at 2023-06-23 21:30:53 -0600
Processing by UserController#create as TURBO_STREAM
  Parameters: {"authenticity_token"=>"[FILTERED]", "username"=>"julio", "password"=>"[FILTERED]", "commit"=>"Save changes"}
[31mUnpermitted parameters: :authenticity_token, :commit. Context: { controller: UserController, action: create, request: #<ActionDispatch::Request:0x000000010dafdff8>, params: {"authenticity_token"=>"[FILTERED]", "username"=>"julio", "password"=>"[FILTERED]", "commit"=>"Save changes", "controller"=>"user", "action"=>"create"} }[0m
  [1m[36mTRANSACTION (0.2ms)[0m  [1m[35mBEGIN[0m
  ↳ app/controllers/user_controller.rb:14:in `create'
  [1m[36mUser Create (0.8ms)[0m  [1m[32mINSERT INTO "users" ("username", "password", "created_at", "updated_at") VALUES ($1, $2, $3, $4) RETURNING "id"[0m  [["username", "julio"], ["password", "[FILTERED]"], ["created_at", "2023-06-24 03:30:53.486120"], ["updated_at", "2023-06-24 03:30:53.486120"]]
  ↳ app/controllers/user_controller.rb:14:in `create'
  [1m[36mTRANSACTION (0.7ms)[0m  [1m[35mCOMMIT[0m
  ↳ app/controllers/user_controller.rb:14:in `create'
Redirected to http://127.0.0.1:3000/users
Completed 302 Found in 11ms (ActiveRecord: 1.6ms | Allocations: 2191)


Started GET "/users" for 127.0.0.1 at 2023-06-23 21:30:53 -0600
Processing by UserController#index as TURBO_STREAM
  Rendering layout layouts/application.html.erb
  Rendering user/index.html.erb within layouts/application
  [1m[36mUser Load (0.3ms)[0m  [1m[34mSELECT "users".* FROM "users"[0m
  ↳ app/views/user/index.html.erb:10
  Rendered user/index.html.erb within layouts/application (Duration: 2.1ms | Allocations: 597)
  Rendered layout layouts/application.html.erb (Duration: 8.8ms | Allocations: 3005)
Completed 200 OK in 12ms (Views: 10.3ms | ActiveRecord: 0.3ms | Allocations: 3382)


Started GET "/users/new" for 127.0.0.1 at 2023-06-23 21:30:55 -0600
Processing by UserController#new as HTML
  Rendering layout layouts/application.html.erb
  Rendering user/new.html.erb within layouts/application
  Rendered user/_form.html.erb (Duration: 0.9ms | Allocations: 574)
  Rendered user/new.html.erb within layouts/application (Duration: 1.2ms | Allocations: 657)
  Rendered layout layouts/application.html.erb (Duration: 6.5ms | Allocations: 2872)
Completed 200 OK in 8ms (Views: 7.2ms | ActiveRecord: 0.0ms | Allocations: 3186)


Started GET "/users" for 127.0.0.1 at 2023-06-23 21:30:56 -0600
Processing by UserController#index as HTML
  Rendering layout layouts/application.html.erb
  Rendering user/index.html.erb within layouts/application
  [1m[36mUser Load (0.3ms)[0m  [1m[34mSELECT "users".* FROM "users"[0m
  ↳ app/views/user/index.html.erb:10
  Rendered user/index.html.erb within layouts/application (Duration: 2.0ms | Allocations: 597)
  Rendered layout layouts/application.html.erb (Duration: 6.8ms | Allocations: 3013)
Completed 200 OK in 8ms (Views: 7.0ms | ActiveRecord: 0.3ms | Allocations: 3340)


Started GET "/users/new" for 127.0.0.1 at 2023-06-23 21:35:05 -0600
Processing by UserController#new as HTML
  Rendering layout layouts/application.html.erb
  Rendering user/new.html.erb within layouts/application
  Rendered user/_form.html.erb (Duration: 1.1ms | Allocations: 574)
  Rendered user/new.html.erb within layouts/application (Duration: 1.3ms | Allocations: 657)
  Rendered layout layouts/application.html.erb (Duration: 6.7ms | Allocations: 2872)
Completed 200 OK in 9ms (Views: 7.5ms | ActiveRecord: 0.0ms | Allocations: 3186)


Started GET "/users" for 127.0.0.1 at 2023-06-23 21:35:07 -0600
Processing by UserController#index as HTML
  Rendering layout layouts/application.html.erb
  Rendering user/index.html.erb within layouts/application
  [1m[36mUser Load (0.4ms)[0m  [1m[34mSELECT "users".* FROM "users"[0m
  ↳ app/views/user/index.html.erb:10
  Rendered user/index.html.erb within layouts/application (Duration: 4.1ms | Allocations: 597)
  Rendered layout layouts/application.html.erb (Duration: 11.4ms | Allocations: 3009)
Completed 200 OK in 13ms (Views: 11.6ms | ActiveRecord: 0.4ms | Allocations: 3335)


Started GET "/users/new" for 127.0.0.1 at 2023-06-23 21:35:09 -0600
Processing by UserController#new as HTML
  Rendering layout layouts/application.html.erb
  Rendering user/new.html.erb within layouts/application
  Rendered user/_form.html.erb (Duration: 1.8ms | Allocations: 572)
  Rendered user/new.html.erb within layouts/application (Duration: 2.1ms | Allocations: 655)
  Rendered layout layouts/application.html.erb (Duration: 6.4ms | Allocations: 2870)
Completed 200 OK in 9ms (Views: 7.3ms | ActiveRecord: 0.0ms | Allocations: 3184)


Started GET "/users" for 127.0.0.1 at 2023-06-23 21:35:11 -0600
Processing by UserController#index as HTML
  Rendering layout layouts/application.html.erb
  Rendering user/index.html.erb within layouts/application
  [1m[36mUser Load (0.7ms)[0m  [1m[34mSELECT "users".* FROM "users"[0m
  ↳ app/views/user/index.html.erb:10
  Rendered user/index.html.erb within layouts/application (Duration: 3.0ms | Allocations: 597)
  Rendered layout layouts/application.html.erb (Duration: 7.5ms | Allocations: 2997)
Completed 200 OK in 9ms (Views: 7.5ms | ActiveRecord: 0.7ms | Allocations: 3323)


Started GET "/users" for 127.0.0.1 at 2023-06-23 21:47:01 -0600
Processing by UserController#index as HTML
  Rendering layout layouts/application.html.erb
  Rendering user/index.html.erb within layouts/application
  [1m[36mUser Load (1.2ms)[0m  [1m[34mSELECT "users".* FROM "users"[0m
  ↳ app/views/user/index.html.erb:10
  Rendered user/index.html.erb within layouts/application (Duration: 27.7ms | Allocations: 5537)
  Rendered layout layouts/application.html.erb (Duration: 43.6ms | Allocations: 19625)
Completed 200 OK in 47ms (Views: 44.6ms | ActiveRecord: 13.4ms | Allocations: 21304)


Started GET "/users" for 127.0.0.1 at 2023-06-23 21:47:41 -0600
Processing by UserController#index as HTML
  Rendering layout layouts/application.html.erb
  Rendering user/index.html.erb within layouts/application
  [1m[36mUser Load (0.4ms)[0m  [1m[34mSELECT "users".* FROM "users"[0m
  ↳ app/views/user/index.html.erb:10
  Rendered user/index.html.erb within layouts/application (Duration: 4.0ms | Allocations: 1254)
  Rendered layout layouts/application.html.erb (Duration: 9.4ms | Allocations: 3804)
Completed 200 OK in 15ms (Views: 13.2ms | ActiveRecord: 0.4ms | Allocations: 4905)


Started GET "/users" for 127.0.0.1 at 2023-06-23 21:47:55 -0600
Processing by UserController#index as HTML
  Rendering layout layouts/application.html.erb
  Rendering user/index.html.erb within layouts/application
  [1m[36mUser Load (0.3ms)[0m  [1m[34mSELECT "users".* FROM "users"[0m
  ↳ app/views/user/index.html.erb:10
  Rendered user/index.html.erb within layouts/application (Duration: 4.4ms | Allocations: 1266)
  Rendered layout layouts/application.html.erb (Duration: 8.6ms | Allocations: 3817)
Completed 200 OK in 14ms (Views: 11.5ms | ActiveRecord: 0.3ms | Allocations: 4916)


Started GET "/users" for 127.0.0.1 at 2023-06-23 21:48:07 -0600
Processing by UserController#index as HTML
  Rendering layout layouts/application.html.erb
  Rendering user/index.html.erb within layouts/application
  [1m[36mUser Load (0.4ms)[0m  [1m[34mSELECT "users".* FROM "users"[0m
  ↳ app/views/user/index.html.erb:10
  Rendered user/index.html.erb within layouts/application (Duration: 4.0ms | Allocations: 1245)
  Rendered layout layouts/application.html.erb (Duration: 11.3ms | Allocations: 3795)
Completed 200 OK in 16ms (Views: 14.1ms | ActiveRecord: 0.4ms | Allocations: 4894)


Started GET "/users" for 127.0.0.1 at 2023-06-23 21:49:56 -0600
Processing by UserController#index as HTML
  Rendering layout layouts/application.html.erb
  Rendering user/index.html.erb within layouts/application
  [1m[36mUser Load (0.8ms)[0m  [1m[34mSELECT "users".* FROM "users"[0m
  ↳ app/views/user/index.html.erb:11
  Rendered user/index.html.erb within layouts/application (Duration: 38.7ms | Allocations: 1252)
  Rendered layout layouts/application.html.erb (Duration: 46.5ms | Allocations: 3818)
Completed 200 OK in 61ms (Views: 53.9ms | ActiveRecord: 0.8ms | Allocations: 4917)


Started GET "/users" for 127.0.0.1 at 2023-06-23 21:49:57 -0600
Processing by UserController#index as HTML
  Rendering layout layouts/application.html.erb
  Rendering user/index.html.erb within layouts/application
  [1m[36mUser Load (0.3ms)[0m  [1m[34mSELECT "users".* FROM "users"[0m
  ↳ app/views/user/index.html.erb:11
  Rendered user/index.html.erb within layouts/application (Duration: 4.8ms | Allocations: 1254)
  Rendered layout layouts/application.html.erb (Duration: 11.0ms | Allocations: 3809)
Completed 200 OK in 17ms (Views: 14.2ms | ActiveRecord: 0.3ms | Allocations: 4908)


Started GET "/users" for 127.0.0.1 at 2023-06-23 21:50:00 -0600
Processing by UserController#index as HTML
  Rendering layout layouts/application.html.erb
  Rendering user/index.html.erb within layouts/application
  [1m[36mUser Load (0.4ms)[0m  [1m[34mSELECT "users".* FROM "users"[0m
  ↳ app/views/user/index.html.erb:11
  Rendered user/index.html.erb within layouts/application (Duration: 3.5ms | Allocations: 964)
  Rendered layout layouts/application.html.erb (Duration: 8.9ms | Allocations: 3204)
Completed 200 OK in 11ms (Views: 9.5ms | ActiveRecord: 0.4ms | Allocations: 3531)


Started GET "/users" for 127.0.0.1 at 2023-06-23 21:50:01 -0600
Processing by UserController#index as HTML
  Rendering layout layouts/application.html.erb
  Rendering user/index.html.erb within layouts/application
  [1m[36mUser Load (0.4ms)[0m  [1m[34mSELECT "users".* FROM "users"[0m
  ↳ app/views/user/index.html.erb:11
  Rendered user/index.html.erb within layouts/application (Duration: 3.5ms | Allocations: 968)
  Rendered layout layouts/application.html.erb (Duration: 9.4ms | Allocations: 3197)
Completed 200 OK in 12ms (Views: 9.8ms | ActiveRecord: 0.4ms | Allocations: 3521)


Started GET "/users/5" for 127.0.0.1 at 2023-06-23 21:50:06 -0600
  
ActionController::RoutingError (No route matches [GET] "/users/5"):
  
Started GET "/users" for 127.0.0.1 at 2023-06-23 21:53:02 -0600
Processing by UserController#index as HTML
  Rendering layout layouts/application.html.erb
  Rendering user/index.html.erb within layouts/application
  [1m[36mUser Load (0.5ms)[0m  [1m[34mSELECT "users".* FROM "users"[0m
  ↳ app/views/user/index.html.erb:11
  Rendered user/index.html.erb within layouts/application (Duration: 18.3ms | Allocations: 2555)
  Rendered layout layouts/application.html.erb (Duration: 37.5ms | Allocations: 16295)
Completed 200 OK in 41ms (Views: 24.5ms | ActiveRecord: 14.0ms | Allocations: 17596)


Started GET "/users/5" for 127.0.0.1 at 2023-06-23 21:53:03 -0600
  
ActionController::RoutingError (No route matches [GET] "/users/5"):
  
Started GET "/users" for 127.0.0.1 at 2023-06-23 21:58:01 -0600
Processing by UserController#index as HTML
  Rendering layout layouts/application.html.erb
  Rendering user/index.html.erb within layouts/application
  [1m[36mUser Load (0.6ms)[0m  [1m[34mSELECT "users".* FROM "users"[0m
  ↳ app/views/user/index.html.erb:11
  Rendered user/index.html.erb within layouts/application (Duration: 10.8ms | Allocations: 2824)
  Rendered layout layouts/application.html.erb (Duration: 20.5ms | Allocations: 16905)
Completed 200 OK in 24ms (Views: 15.6ms | ActiveRecord: 6.1ms | Allocations: 18588)


Started GET "/user/5" for 127.0.0.1 at 2023-06-23 21:58:03 -0600
  
ActionController::RoutingError (No route matches [GET] "/user/5"):
  
Started GET "/user/5" for 127.0.0.1 at 2023-06-23 21:58:11 -0600
  
ActionController::RoutingError (No route matches [GET] "/user/5"):
  
Started GET "/users" for 127.0.0.1 at 2023-06-23 21:58:17 -0600
Processing by UserController#index as HTML
  Rendering layout layouts/application.html.erb
  Rendering user/index.html.erb within layouts/application
  [1m[36mUser Load (0.4ms)[0m  [1m[34mSELECT "users".* FROM "users"[0m
  ↳ app/views/user/index.html.erb:11
  Rendered user/index.html.erb within layouts/application (Duration: 9.5ms | Allocations: 2544)
  Rendered layout layouts/application.html.erb (Duration: 26.0ms | Allocations: 16379)
Completed 200 OK in 32ms (Views: 23.9ms | ActiveRecord: 3.5ms | Allocations: 17681)


Started GET "/users/new" for 127.0.0.1 at 2023-06-23 21:58:19 -0600
Processing by UserController#new as HTML
  Rendering layout layouts/application.html.erb
  Rendering user/new.html.erb within layouts/application
  Rendered user/_form.html.erb (Duration: 2.6ms | Allocations: 810)
  Rendered user/new.html.erb within layouts/application (Duration: 4.5ms | Allocations: 1088)
  Rendered layout layouts/application.html.erb (Duration: 9.3ms | Allocations: 3303)
Completed 200 OK in 12ms (Views: 10.2ms | ActiveRecord: 0.0ms | Allocations: 3673)


Started GET "/users" for 127.0.0.1 at 2023-06-23 21:58:21 -0600
Processing by UserController#index as HTML
  Rendering layout layouts/application.html.erb
  Rendering user/index.html.erb within layouts/application
  [1m[36mUser Load (0.3ms)[0m  [1m[34mSELECT "users".* FROM "users"[0m
  ↳ app/views/user/index.html.erb:11
  Rendered user/index.html.erb within layouts/application (Duration: 2.4ms | Allocations: 978)
  Rendered layout layouts/application.html.erb (Duration: 6.8ms | Allocations: 3207)
Completed 200 OK in 8ms (Views: 7.1ms | ActiveRecord: 0.3ms | Allocations: 3533)


Started GET "/user/5" for 127.0.0.1 at 2023-06-23 21:58:22 -0600
  
ActionController::RoutingError (No route matches [GET] "/user/5"):
  
Started GET "/" for 127.0.0.1 at 2023-06-23 21:59:33 -0600
Processing by Rails::WelcomeController#index as HTML
  Rendering /Users/alonsolopez/.rvm/gems/ruby-3.0.0/gems/railties-7.0.5/lib/rails/templates/rails/welcome/index.html.erb
  Rendered /Users/alonsolopez/.rvm/gems/ruby-3.0.0/gems/railties-7.0.5/lib/rails/templates/rails/welcome/index.html.erb (Duration: 2.4ms | Allocations: 461)
Completed 200 OK in 6ms (Views: 3.9ms | ActiveRecord: 0.0ms | Allocations: 1451)


Started GET "/users" for 127.0.0.1 at 2023-06-23 21:59:40 -0600
Processing by UserController#index as HTML
  Rendering layout layouts/application.html.erb
  Rendering user/index.html.erb within layouts/application
  [1m[36mUser Load (0.5ms)[0m  [1m[34mSELECT "users".* FROM "users"[0m
  ↳ app/views/user/index.html.erb:11
  Rendered user/index.html.erb within layouts/application (Duration: 6.0ms | Allocations: 1241)
  Rendered layout layouts/application.html.erb (Duration: 10.8ms | Allocations: 3807)
Completed 200 OK in 16ms (Views: 12.7ms | ActiveRecord: 0.5ms | Allocations: 4906)


Started GET "/users/new" for 127.0.0.1 at 2023-06-23 21:59:43 -0600
Processing by UserController#new as HTML
  Rendering layout layouts/application.html.erb
  Rendering user/new.html.erb within layouts/application
  Rendered user/_form.html.erb (Duration: 2.0ms | Allocations: 808)
  Rendered user/new.html.erb within layouts/application (Duration: 3.4ms | Allocations: 1085)
  Rendered layout layouts/application.html.erb (Duration: 7.0ms | Allocations: 3300)
Completed 200 OK in 10ms (Views: 8.6ms | ActiveRecord: 0.0ms | Allocations: 3671)


Started POST "/users" for 127.0.0.1 at 2023-06-23 21:59:50 -0600
Processing by UserController#create as TURBO_STREAM
  Parameters: {"authenticity_token"=>"[FILTERED]", "username"=>"ghgh", "password"=>"[FILTERED]", "commit"=>"Save changes"}
[31mUnpermitted parameters: :authenticity_token, :commit. Context: { controller: UserController, action: create, request: #<ActionDispatch::Request:0x000000010dad5990>, params: {"authenticity_token"=>"[FILTERED]", "username"=>"ghgh", "password"=>"[FILTERED]", "commit"=>"Save changes", "controller"=>"user", "action"=>"create"} }[0m
  [1m[36mTRANSACTION (0.2ms)[0m  [1m[35mBEGIN[0m
  ↳ app/controllers/user_controller.rb:16:in `create'
  [1m[36mUser Create (2.4ms)[0m  [1m[32mINSERT INTO "users" ("username", "password", "created_at", "updated_at") VALUES ($1, $2, $3, $4) RETURNING "id"[0m  [["username", "ghgh"], ["password", "[FILTERED]"], ["created_at", "2023-06-24 03:59:50.876508"], ["updated_at", "2023-06-24 03:59:50.876508"]]
  ↳ app/controllers/user_controller.rb:16:in `create'
  [1m[36mTRANSACTION (1.5ms)[0m  [1m[35mCOMMIT[0m
  ↳ app/controllers/user_controller.rb:16:in `create'
Redirected to http://127.0.0.1:3000/users
Completed 302 Found in 13ms (ActiveRecord: 4.1ms | Allocations: 2255)


Started GET "/users" for 127.0.0.1 at 2023-06-23 21:59:50 -0600
Processing by UserController#index as TURBO_STREAM
  Rendering layout layouts/application.html.erb
  Rendering user/index.html.erb within layouts/application
  [1m[36mUser Load (0.3ms)[0m  [1m[34mSELECT "users".* FROM "users"[0m
  ↳ app/views/user/index.html.erb:11
  Rendered user/index.html.erb within layouts/application (Duration: 2.2ms | Allocations: 1042)
  Rendered layout layouts/application.html.erb (Duration: 6.0ms | Allocations: 3271)
Completed 200 OK in 7ms (Views: 6.3ms | ActiveRecord: 0.3ms | Allocations: 3647)


Started GET "/users/6" for 127.0.0.1 at 2023-06-23 21:59:53 -0600
  
ActionController::RoutingError (No route matches [GET] "/users/6"):
  
Started GET "/users" for 127.0.0.1 at 2023-06-23 22:01:27 -0600
Processing by UserController#index as HTML
  Rendering layout layouts/application.html.erb
  Rendering user/index.html.erb within layouts/application
  [1m[36mUser Load (0.4ms)[0m  [1m[34mSELECT "users".* FROM "users"[0m
  ↳ app/views/user/index.html.erb:11
  Rendered user/index.html.erb within layouts/application (Duration: 3.8ms | Allocations: 1024)
  Rendered layout layouts/application.html.erb (Duration: 8.7ms | Allocations: 3269)
Completed 200 OK in 12ms (Views: 9.1ms | ActiveRecord: 0.4ms | Allocations: 3595)


Started GET "/users/new" for 127.0.0.1 at 2023-06-23 22:01:28 -0600
Processing by UserController#new as HTML
  Rendering layout layouts/application.html.erb
  Rendering user/new.html.erb within layouts/application
  Rendered user/_form.html.erb (Duration: 2.4ms | Allocations: 554)
  Rendered user/new.html.erb within layouts/application (Duration: 3.6ms | Allocations: 637)
  Rendered layout layouts/application.html.erb (Duration: 8.5ms | Allocations: 2852)
Completed 200 OK in 10ms (Views: 9.4ms | ActiveRecord: 0.0ms | Allocations: 3166)


Started GET "/users/1" for 127.0.0.1 at 2023-06-23 22:01:30 -0600
  
ActionController::RoutingError (No route matches [GET] "/users/1"):
  
Started GET "/users" for 127.0.0.1 at 2023-06-23 22:03:54 -0600
Processing by UserController#index as HTML
  Rendering layout layouts/application.html.erb
  Rendering user/index.html.erb within layouts/application
  [1m[36mUser Load (12.0ms)[0m  [1m[34mSELECT "users".* FROM "users"[0m
  ↳ app/views/user/index.html.erb:11
  Rendered user/index.html.erb within layouts/application (Duration: 31.7ms | Allocations: 1016)
  Rendered layout layouts/application.html.erb (Duration: 39.4ms | Allocations: 3245)
Completed 200 OK in 43ms (Views: 28.6ms | ActiveRecord: 12.0ms | Allocations: 3569)


Started GET "/users/new" for 127.0.0.1 at 2023-06-23 22:03:54 -0600
Processing by UserController#new as HTML
  Rendering layout layouts/application.html.erb
  Rendering user/new.html.erb within layouts/application
  Rendered user/_form.html.erb (Duration: 1.3ms | Allocations: 568)
  Rendered user/new.html.erb within layouts/application (Duration: 1.6ms | Allocations: 651)
  Rendered layout layouts/application.html.erb (Duration: 6.2ms | Allocations: 2866)
Completed 200 OK in 8ms (Views: 6.8ms | ActiveRecord: 0.0ms | Allocations: 3180)


Started GET "/users" for 127.0.0.1 at 2023-06-23 22:07:50 -0600
Processing by UserController#index as HTML
  Rendering layout layouts/application.html.erb
  Rendering user/index.html.erb within layouts/application
  [1m[36mUser Load (0.6ms)[0m  [1m[34mSELECT "users".* FROM "users"[0m
  ↳ app/views/user/index.html.erb:11
  Rendered user/index.html.erb within layouts/application (Duration: 33.0ms | Allocations: 2645)
  Rendered layout layouts/application.html.erb (Duration: 43.8ms | Allocations: 16520)
Completed 200 OK in 46ms (Views: 14.5ms | ActiveRecord: 30.0ms | Allocations: 17824)


Started GET "/users/1" for 127.0.0.1 at 2023-06-23 22:07:51 -0600
  
ActionController::RoutingError (No route matches [GET] "/users/1"):
  
Started GET "/users" for 127.0.0.1 at 2023-06-23 22:08:39 -0600
  [1m[36mActiveRecord::SchemaMigration Pluck (0.9ms)[0m  [1m[34mSELECT "schema_migrations"."version" FROM "schema_migrations" ORDER BY "schema_migrations"."version" ASC[0m
Processing by UserController#index as HTML
  Rendering layout layouts/application.html.erb
  Rendering user/index.html.erb within layouts/application
  [1m[36mUser Load (0.8ms)[0m  [1m[34mSELECT "users".* FROM "users"[0m
  ↳ app/views/user/index.html.erb:11
  Rendered user/index.html.erb within layouts/application (Duration: 40.1ms | Allocations: 17319)
  Rendered layout layouts/application.html.erb (Duration: 63.5ms | Allocations: 52548)
Completed 200 OK in 73ms (Views: 37.0ms | ActiveRecord: 28.1ms | Allocations: 59672)


Started GET "/" for 127.0.0.1 at 2023-06-23 22:08:40 -0600
Processing by Rails::WelcomeController#index as HTML
  Rendering /Users/alonsolopez/.rvm/gems/ruby-3.0.0/gems/railties-7.0.5/lib/rails/templates/rails/welcome/index.html.erb
  Rendered /Users/alonsolopez/.rvm/gems/ruby-3.0.0/gems/railties-7.0.5/lib/rails/templates/rails/welcome/index.html.erb (Duration: 1.4ms | Allocations: 460)
Completed 200 OK in 6ms (Views: 4.0ms | ActiveRecord: 0.0ms | Allocations: 1392)


Started GET "/users" for 127.0.0.1 at 2023-06-23 22:08:47 -0600
Processing by UserController#index as HTML
  Rendering layout layouts/application.html.erb
  Rendering user/index.html.erb within layouts/application
  [1m[36mUser Load (0.6ms)[0m  [1m[34mSELECT "users".* FROM "users"[0m
  ↳ app/views/user/index.html.erb:11
  Rendered user/index.html.erb within layouts/application (Duration: 5.3ms | Allocations: 1315)
  Rendered layout layouts/application.html.erb (Duration: 11.3ms | Allocations: 3866)
Completed 200 OK in 16ms (Views: 13.7ms | ActiveRecord: 0.6ms | Allocations: 4975)


Started GET "/users/6" for 127.0.0.1 at 2023-06-23 22:08:50 -0600
  
ActionController::RoutingError (No route matches [GET] "/users/6"):
  
Started GET "/users/new" for 127.0.0.1 at 2023-06-23 22:10:30 -0600
Processing by UserController#new as HTML
  Rendering layout layouts/application.html.erb
  Rendering user/new.html.erb within layouts/application
  Rendered user/_form.html.erb (Duration: 0.9ms | Allocations: 884)
  Rendered user/new.html.erb within layouts/application (Duration: 1.5ms | Allocations: 1174)
  Rendered layout layouts/application.html.erb (Duration: 12.4ms | Allocations: 15004)
Completed 200 OK in 14ms (Views: 12.9ms | ActiveRecord: 0.0ms | Allocations: 15801)


Started GET "/users" for 127.0.0.1 at 2023-06-23 22:10:32 -0600
Processing by UserController#index as HTML
  Rendering layout layouts/application.html.erb
  Rendering user/index.html.erb within layouts/application
  [1m[36mUser Load (0.4ms)[0m  [1m[34mSELECT "users".* FROM "users"[0m
  ↳ app/views/user/index.html.erb:11
  Rendered user/index.html.erb within layouts/application (Duration: 10.2ms | Allocations: 2657)
  Rendered layout layouts/application.html.erb (Duration: 14.3ms | Allocations: 4887)
Completed 200 OK in 20ms (Views: 10.9ms | ActiveRecord: 4.2ms | Allocations: 5766)


Started GET "/users/4" for 127.0.0.1 at 2023-06-23 22:10:33 -0600
Processing by UserController#destroy as HTML
  Parameters: {"id"=>"4"}
  [1m[36mUser Load (0.5ms)[0m  [1m[34mSELECT "users".* FROM "users" WHERE "users"."id" = $1 LIMIT $2[0m  [["id", 4], ["LIMIT", 1]]
  ↳ app/controllers/user_controller.rb:43:in `user_find'
  [1m[36mTRANSACTION (0.1ms)[0m  [1m[35mBEGIN[0m
  ↳ app/controllers/user_controller.rb:28:in `destroy'
  [1m[36mUser Destroy (2.2ms)[0m  [1m[31mDELETE FROM "users" WHERE "users"."id" = $1[0m  [["id", 4]]
  ↳ app/controllers/user_controller.rb:28:in `destroy'
  [1m[36mTRANSACTION (0.8ms)[0m  [1m[35mCOMMIT[0m
  ↳ app/controllers/user_controller.rb:28:in `destroy'
Redirected to http://127.0.0.1:3000/users
Completed 302 Found in 16ms (ActiveRecord: 3.9ms | Allocations: 4325)


Started GET "/users" for 127.0.0.1 at 2023-06-23 22:10:33 -0600
Processing by UserController#index as HTML
  Rendering layout layouts/application.html.erb
  Rendering user/index.html.erb within layouts/application
  [1m[36mUser Load (0.3ms)[0m  [1m[34mSELECT "users".* FROM "users"[0m
  ↳ app/views/user/index.html.erb:11
  Rendered user/index.html.erb within layouts/application (Duration: 1.8ms | Allocations: 986)
  Rendered layout layouts/application.html.erb (Duration: 4.5ms | Allocations: 3215)
Completed 200 OK in 6ms (Views: 4.7ms | ActiveRecord: 0.3ms | Allocations: 3541)


Started GET "/users/new" for 127.0.0.1 at 2023-06-23 22:11:07 -0600
Processing by UserController#new as HTML
  Rendering layout layouts/application.html.erb
  Rendering user/new.html.erb within layouts/application
  Rendered user/_form.html.erb (Duration: 2.2ms | Allocations: 809)
  Rendered user/new.html.erb within layouts/application (Duration: 3.8ms | Allocations: 1093)
  Rendered layout layouts/application.html.erb (Duration: 8.7ms | Allocations: 3625)
Completed 200 OK in 13ms (Views: 11.0ms | ActiveRecord: 0.0ms | Allocations: 4721)


Started GET "/users" for 127.0.0.1 at 2023-06-23 22:11:13 -0600
Processing by UserController#index as HTML
  Rendering layout layouts/application.html.erb
  Rendering user/index.html.erb within layouts/application
  [1m[36mUser Load (0.4ms)[0m  [1m[34mSELECT "users".* FROM "users"[0m
  ↳ app/views/user/index.html.erb:11
  Rendered user/index.html.erb within layouts/application (Duration: 3.6ms | Allocations: 1132)
  Rendered layout layouts/application.html.erb (Duration: 8.0ms | Allocations: 3361)
Completed 200 OK in 10ms (Views: 8.3ms | ActiveRecord: 0.4ms | Allocations: 3744)


Started GET "/users/6" for 127.0.0.1 at 2023-06-23 22:11:16 -0600
Processing by UserController#destroy as HTML
  Parameters: {"id"=>"6"}
  [1m[36mUser Load (0.5ms)[0m  [1m[34mSELECT "users".* FROM "users" WHERE "users"."id" = $1 LIMIT $2[0m  [["id", 6], ["LIMIT", 1]]
  ↳ app/controllers/user_controller.rb:43:in `user_find'
  [1m[36mTRANSACTION (0.1ms)[0m  [1m[35mBEGIN[0m
  ↳ app/controllers/user_controller.rb:28:in `destroy'
  [1m[36mUser Destroy (0.3ms)[0m  [1m[31mDELETE FROM "users" WHERE "users"."id" = $1[0m  [["id", 6]]
  ↳ app/controllers/user_controller.rb:28:in `destroy'
  [1m[36mTRANSACTION (0.5ms)[0m  [1m[35mCOMMIT[0m
  ↳ app/controllers/user_controller.rb:28:in `destroy'
Redirected to http://127.0.0.1:3000/users
Completed 302 Found in 8ms (ActiveRecord: 1.4ms | Allocations: 2175)


Started GET "/users" for 127.0.0.1 at 2023-06-23 22:11:16 -0600
Processing by UserController#index as HTML
  Rendering layout layouts/application.html.erb
  Rendering user/index.html.erb within layouts/application
  [1m[36mUser Load (0.3ms)[0m  [1m[34mSELECT "users".* FROM "users"[0m
  ↳ app/views/user/index.html.erb:11
  Rendered user/index.html.erb within layouts/application (Duration: 2.2ms | Allocations: 856)
  Rendered layout layouts/application.html.erb (Duration: 6.1ms | Allocations: 3085)
Completed 200 OK in 8ms (Views: 6.4ms | ActiveRecord: 0.3ms | Allocations: 3411)


Started GET "/users/new" for 127.0.0.1 at 2023-06-23 22:11:23 -0600
Processing by UserController#new as HTML
  Rendering layout layouts/application.html.erb
  Rendering user/new.html.erb within layouts/application
  Rendered user/_form.html.erb (Duration: 1.3ms | Allocations: 552)
  Rendered user/new.html.erb within layouts/application (Duration: 1.6ms | Allocations: 635)
  Rendered layout layouts/application.html.erb (Duration: 8.8ms | Allocations: 2850)
Completed 200 OK in 12ms (Views: 9.9ms | ActiveRecord: 0.0ms | Allocations: 3164)


Started POST "/users" for 127.0.0.1 at 2023-06-23 22:11:28 -0600
Processing by UserController#create as TURBO_STREAM
  Parameters: {"authenticity_token"=>"[FILTERED]", "username"=>"gkjsngj", "password"=>"[FILTERED]", "commit"=>"Save changes"}
[31mUnpermitted parameters: :authenticity_token, :commit. Context: { controller: UserController, action: create, request: #<ActionDispatch::Request:0x000000011f2850a8>, params: {"authenticity_token"=>"[FILTERED]", "username"=>"gkjsngj", "password"=>"[FILTERED]", "commit"=>"Save changes", "controller"=>"user", "action"=>"create"} }[0m
  [1m[36mTRANSACTION (0.2ms)[0m  [1m[35mBEGIN[0m
  ↳ app/controllers/user_controller.rb:16:in `create'
  [1m[36mUser Create (4.3ms)[0m  [1m[32mINSERT INTO "users" ("username", "password", "created_at", "updated_at") VALUES ($1, $2, $3, $4) RETURNING "id"[0m  [["username", "gkjsngj"], ["password", "[FILTERED]"], ["created_at", "2023-06-24 04:11:28.871934"], ["updated_at", "2023-06-24 04:11:28.871934"]]
  ↳ app/controllers/user_controller.rb:16:in `create'
  [1m[36mTRANSACTION (0.4ms)[0m  [1m[35mCOMMIT[0m
  ↳ app/controllers/user_controller.rb:16:in `create'
Redirected to http://127.0.0.1:3000/users
Completed 302 Found in 14ms (ActiveRecord: 4.8ms | Allocations: 3110)


Started GET "/users" for 127.0.0.1 at 2023-06-23 22:11:28 -0600
Processing by UserController#index as TURBO_STREAM
  Rendering layout layouts/application.html.erb
  Rendering user/index.html.erb within layouts/application
  [1m[36mUser Load (0.3ms)[0m  [1m[34mSELECT "users".* FROM "users"[0m
  ↳ app/views/user/index.html.erb:11
  Rendered user/index.html.erb within layouts/application (Duration: 2.5ms | Allocations: 896)
  Rendered layout layouts/application.html.erb (Duration: 5.8ms | Allocations: 3125)
Completed 200 OK in 7ms (Views: 5.9ms | ActiveRecord: 0.3ms | Allocations: 3502)


Started GET "/users/7" for 127.0.0.1 at 2023-06-23 22:11:31 -0600
Processing by UserController#destroy as HTML
  Parameters: {"id"=>"7"}
  [1m[36mUser Load (0.3ms)[0m  [1m[34mSELECT "users".* FROM "users" WHERE "users"."id" = $1 LIMIT $2[0m  [["id", 7], ["LIMIT", 1]]
  ↳ app/controllers/user_controller.rb:43:in `user_find'
  [1m[36mTRANSACTION (0.1ms)[0m  [1m[35mBEGIN[0m
  ↳ app/controllers/user_controller.rb:28:in `destroy'
  [1m[36mUser Destroy (0.5ms)[0m  [1m[31mDELETE FROM "users" WHERE "users"."id" = $1[0m  [["id", 7]]
  ↳ app/controllers/user_controller.rb:28:in `destroy'
  [1m[36mTRANSACTION (0.8ms)[0m  [1m[35mCOMMIT[0m
  ↳ app/controllers/user_controller.rb:28:in `destroy'
Redirected to http://127.0.0.1:3000/users
Completed 302 Found in 8ms (ActiveRecord: 1.7ms | Allocations: 2165)


Started GET "/users" for 127.0.0.1 at 2023-06-23 22:11:31 -0600
Processing by UserController#index as HTML
  Rendering layout layouts/application.html.erb
  Rendering user/index.html.erb within layouts/application
  [1m[36mUser Load (0.3ms)[0m  [1m[34mSELECT "users".* FROM "users"[0m
  ↳ app/views/user/index.html.erb:11
  Rendered user/index.html.erb within layouts/application (Duration: 2.5ms | Allocations: 858)
  Rendered layout layouts/application.html.erb (Duration: 6.2ms | Allocations: 3087)
Completed 200 OK in 8ms (Views: 6.6ms | ActiveRecord: 0.3ms | Allocations: 3413)


Started GET "/users" for 127.0.0.1 at 2023-06-23 22:12:27 -0600
Processing by UserController#index as HTML
  Rendering layout layouts/application.html.erb
  Rendering user/index.html.erb within layouts/application
  [1m[36mUser Load (0.8ms)[0m  [1m[34mSELECT "users".* FROM "users"[0m
  ↳ app/views/user/index.html.erb:11
  Rendered user/index.html.erb within layouts/application (Duration: 30.4ms | Allocations: 1122)
  Rendered layout layouts/application.html.erb (Duration: 36.4ms | Allocations: 3672)
Completed 200 OK in 43ms (Views: 39.3ms | ActiveRecord: 0.8ms | Allocations: 4772)


Started GET "/users" for 127.0.0.1 at 2023-06-23 22:12:28 -0600
Processing by UserController#index as HTML
  Rendering layout layouts/application.html.erb
  Rendering user/index.html.erb within layouts/application
  [1m[36mUser Load (0.5ms)[0m  [1m[34mSELECT "users".* FROM "users"[0m
  ↳ app/views/user/index.html.erb:11
  Rendered user/index.html.erb within layouts/application (Duration: 4.2ms | Allocations: 832)
  Rendered layout layouts/application.html.erb (Duration: 9.7ms | Allocations: 3061)
Completed 200 OK in 12ms (Views: 10.5ms | ActiveRecord: 0.5ms | Allocations: 3386)


Started GET "/users/new" for 127.0.0.1 at 2023-06-23 22:12:30 -0600
Processing by UserController#new as HTML
  Rendering layout layouts/application.html.erb
  Rendering user/new.html.erb within layouts/application
  Rendered user/_form.html.erb (Duration: 3.0ms | Allocations: 808)
  Rendered user/new.html.erb within layouts/application (Duration: 5.4ms | Allocations: 1084)
  Rendered layout layouts/application.html.erb (Duration: 9.0ms | Allocations: 3299)
Completed 200 OK in 12ms (Views: 10.0ms | ActiveRecord: 0.0ms | Allocations: 3669)


Started GET "/users/new" for 127.0.0.1 at 2023-06-23 22:13:10 -0600
Processing by UserController#new as HTML
  Rendering layout layouts/application.html.erb
  Rendering user/new.html.erb within layouts/application
  Rendered user/_form.html.erb (Duration: 1.7ms | Allocations: 829)
  Rendered user/new.html.erb within layouts/application (Duration: 3.4ms | Allocations: 1113)
  Rendered layout layouts/application.html.erb (Duration: 6.7ms | Allocations: 3642)
Completed 200 OK in 13ms (Views: 10.0ms | ActiveRecord: 0.0ms | Allocations: 4728)


Started GET "/users/new" for 127.0.0.1 at 2023-06-23 22:13:11 -0600
Processing by UserController#new as HTML
  Rendering layout layouts/application.html.erb
  Rendering user/new.html.erb within layouts/application
  Rendered user/_form.html.erb (Duration: 1.2ms | Allocations: 825)
  Rendered user/new.html.erb within layouts/application (Duration: 1.9ms | Allocations: 1109)
  Rendered layout layouts/application.html.erb (Duration: 8.8ms | Allocations: 3637)
Completed 200 OK in 13ms (Views: 11.2ms | ActiveRecord: 0.0ms | Allocations: 4724)


Started GET "/users" for 127.0.0.1 at 2023-06-23 22:13:14 -0600
Processing by UserController#index as HTML
  Rendering layout layouts/application.html.erb
  Rendering user/index.html.erb within layouts/application
  [1m[36mUser Load (0.5ms)[0m  [1m[34mSELECT "users".* FROM "users"[0m
  ↳ app/views/user/index.html.erb:11
  Rendered user/index.html.erb within layouts/application (Duration: 5.3ms | Allocations: 1099)
  Rendered layout layouts/application.html.erb (Duration: 11.7ms | Allocations: 3328)
Completed 200 OK in 14ms (Views: 12.1ms | ActiveRecord: 0.5ms | Allocations: 3711)


Started GET "/users/new" for 127.0.0.1 at 2023-06-23 22:13:15 -0600
Processing by UserController#new as HTML
  Rendering layout layouts/application.html.erb
  Rendering user/new.html.erb within layouts/application
  Rendered user/_form.html.erb (Duration: 1.6ms | Allocations: 564)
  Rendered user/new.html.erb within layouts/application (Duration: 2.0ms | Allocations: 647)
  Rendered layout layouts/application.html.erb (Duration: 6.4ms | Allocations: 2862)
Completed 200 OK in 9ms (Views: 7.5ms | ActiveRecord: 0.0ms | Allocations: 3176)


Started GET "/users/new" for 127.0.0.1 at 2023-06-23 22:13:19 -0600
Processing by UserController#new as HTML
  Rendering layout layouts/application.html.erb
  Rendering user/new.html.erb within layouts/application
  Rendered user/_form.html.erb (Duration: 1.5ms | Allocations: 554)
  Rendered user/new.html.erb within layouts/application (Duration: 1.8ms | Allocations: 637)
  Rendered layout layouts/application.html.erb (Duration: 6.8ms | Allocations: 2852)
Completed 200 OK in 9ms (Views: 7.6ms | ActiveRecord: 0.0ms | Allocations: 3166)


Started POST "/users" for 127.0.0.1 at 2023-06-23 22:13:31 -0600
Processing by UserController#create as TURBO_STREAM
  Parameters: {"authenticity_token"=>"[FILTERED]", "username"=>"Alonso", "password"=>"[FILTERED]", "commit"=>"Save changes"}
[31mUnpermitted parameters: :authenticity_token, :commit. Context: { controller: UserController, action: create, request: #<ActionDispatch::Request:0x00000001090f4970>, params: {"authenticity_token"=>"[FILTERED]", "username"=>"Alonso", "password"=>"[FILTERED]", "commit"=>"Save changes", "controller"=>"user", "action"=>"create"} }[0m
  [1m[36mTRANSACTION (0.2ms)[0m  [1m[35mBEGIN[0m
  ↳ app/controllers/user_controller.rb:16:in `create'
  [1m[36mUser Create (0.8ms)[0m  [1m[32mINSERT INTO "users" ("username", "password", "created_at", "updated_at") VALUES ($1, $2, $3, $4) RETURNING "id"[0m  [["username", "Alonso"], ["password", "[FILTERED]"], ["created_at", "2023-06-24 04:13:31.662739"], ["updated_at", "2023-06-24 04:13:31.662739"]]
  ↳ app/controllers/user_controller.rb:16:in `create'
  [1m[36mTRANSACTION (0.6ms)[0m  [1m[35mCOMMIT[0m
  ↳ app/controllers/user_controller.rb:16:in `create'
Redirected to http://127.0.0.1:3000/users
Completed 302 Found in 11ms (ActiveRecord: 1.5ms | Allocations: 2160)


Started GET "/users" for 127.0.0.1 at 2023-06-23 22:13:31 -0600
Processing by UserController#index as TURBO_STREAM
  Rendering layout layouts/application.html.erb
  Rendering user/index.html.erb within layouts/application
  [1m[36mUser Load (0.3ms)[0m  [1m[34mSELECT "users".* FROM "users"[0m
  ↳ app/views/user/index.html.erb:11
  Rendered user/index.html.erb within layouts/application (Duration: 2.2ms | Allocations: 894)
  Rendered layout layouts/application.html.erb (Duration: 6.3ms | Allocations: 3123)
Completed 200 OK in 8ms (Views: 6.6ms | ActiveRecord: 0.3ms | Allocations: 3499)


Started GET "/users/8" for 127.0.0.1 at 2023-06-23 22:13:39 -0600
Processing by UserController#destroy as HTML
  Parameters: {"id"=>"8"}
  [1m[36mUser Load (0.4ms)[0m  [1m[34mSELECT "users".* FROM "users" WHERE "users"."id" = $1 LIMIT $2[0m  [["id", 8], ["LIMIT", 1]]
  ↳ app/controllers/user_controller.rb:43:in `user_find'
  [1m[36mTRANSACTION (0.1ms)[0m  [1m[35mBEGIN[0m
  ↳ app/controllers/user_controller.rb:28:in `destroy'
  [1m[36mUser Destroy (0.4ms)[0m  [1m[31mDELETE FROM "users" WHERE "users"."id" = $1[0m  [["id", 8]]
  ↳ app/controllers/user_controller.rb:28:in `destroy'
  [1m[36mTRANSACTION (0.4ms)[0m  [1m[35mCOMMIT[0m
  ↳ app/controllers/user_controller.rb:28:in `destroy'
Redirected to http://127.0.0.1:3000/users
Completed 302 Found in 9ms (ActiveRecord: 1.4ms | Allocations: 2150)


Started GET "/users" for 127.0.0.1 at 2023-06-23 22:13:39 -0600
Processing by UserController#index as HTML
  Rendering layout layouts/application.html.erb
  Rendering user/index.html.erb within layouts/application
  [1m[36mUser Load (0.4ms)[0m  [1m[34mSELECT "users".* FROM "users"[0m
  ↳ app/views/user/index.html.erb:11
  Rendered user/index.html.erb within layouts/application (Duration: 2.3ms | Allocations: 856)
  Rendered layout layouts/application.html.erb (Duration: 6.0ms | Allocations: 3085)
Completed 200 OK in 7ms (Views: 6.2ms | ActiveRecord: 0.4ms | Allocations: 3411)


Started GET "/users" for 127.0.0.1 at 2023-06-23 22:13:48 -0600
Processing by UserController#index as HTML
  Rendering layout layouts/application.html.erb
  Rendering user/index.html.erb within layouts/application
  [1m[36mUser Load (0.4ms)[0m  [1m[34mSELECT "users".* FROM "users"[0m
  ↳ app/views/user/index.html.erb:11
  Rendered user/index.html.erb within layouts/application (Duration: 3.0ms | Allocations: 831)
  Rendered layout layouts/application.html.erb (Duration: 9.1ms | Allocations: 3060)
Completed 200 OK in 12ms (Views: 9.8ms | ActiveRecord: 0.4ms | Allocations: 3384)


Started GET "/" for 127.0.0.1 at 2023-06-23 22:24:30 -0600
  [1m[36mActiveRecord::SchemaMigration Pluck (0.7ms)[0m  [1m[34mSELECT "schema_migrations"."version" FROM "schema_migrations" ORDER BY "schema_migrations"."version" ASC[0m
Processing by Rails::WelcomeController#index as HTML
  Rendering /Users/alonsolopez/.rvm/gems/ruby-3.0.0/gems/railties-7.0.5/lib/rails/templates/rails/welcome/index.html.erb
  Rendered /Users/alonsolopez/.rvm/gems/ruby-3.0.0/gems/railties-7.0.5/lib/rails/templates/rails/welcome/index.html.erb (Duration: 6.3ms | Allocations: 733)
Completed 200 OK in 13ms (Views: 7.5ms | ActiveRecord: 0.0ms | Allocations: 7084)


Started GET "/users" for 127.0.0.1 at 2023-06-23 22:24:37 -0600
Processing by UserController#index as HTML
  Rendering layout layouts/application.html.erb
  Rendering user/index.html.erb within layouts/application
  [1m[36mUser Load (0.8ms)[0m  [1m[34mSELECT "users".* FROM "users"[0m
  ↳ app/views/user/index.html.erb:11
  Rendered user/index.html.erb within layouts/application (Duration: 20.0ms | Allocations: 16737)
  Rendered layout layouts/application.html.erb (Duration: 52.2ms | Allocations: 52023)
Completed 200 OK in 58ms (Views: 48.6ms | ActiveRecord: 5.7ms | Allocations: 53808)


Started GET "/users/new" for 127.0.0.1 at 2023-06-23 22:24:39 -0600
Processing by UserController#new as HTML
  Rendering layout layouts/application.html.erb
  Rendering user/new.html.erb within layouts/application
  Rendered user/_form.html.erb (Duration: 2.2ms | Allocations: 909)
  Rendered user/new.html.erb within layouts/application (Duration: 4.2ms | Allocations: 1205)
  Rendered layout layouts/application.html.erb (Duration: 8.5ms | Allocations: 3421)
Completed 200 OK in 11ms (Views: 9.5ms | ActiveRecord: 0.0ms | Allocations: 3798)


Started POST "/users" for 127.0.0.1 at 2023-06-23 22:24:43 -0600
Processing by UserController#create as TURBO_STREAM
  Parameters: {"authenticity_token"=>"[FILTERED]", "username"=>"fkasjf ", "password"=>"[FILTERED]", "commit"=>"Save changes"}
[31mUnpermitted parameters: :authenticity_token, :commit. Context: { controller: UserController, action: create, request: #<ActionDispatch::Request:0x0000000132b96058>, params: {"authenticity_token"=>"[FILTERED]", "username"=>"fkasjf ", "password"=>"[FILTERED]", "commit"=>"Save changes", "controller"=>"user", "action"=>"create"} }[0m
  [1m[36mTRANSACTION (0.1ms)[0m  [1m[35mBEGIN[0m
  ↳ app/controllers/user_controller.rb:16:in `create'
  [1m[36mUser Create (0.6ms)[0m  [1m[32mINSERT INTO "users" ("username", "password", "created_at", "updated_at") VALUES ($1, $2, $3, $4) RETURNING "id"[0m  [["username", "fkasjf "], ["password", "[FILTERED]"], ["created_at", "2023-06-24 04:24:43.848260"], ["updated_at", "2023-06-24 04:24:43.848260"]]
  ↳ app/controllers/user_controller.rb:16:in `create'
  [1m[36mTRANSACTION (1.0ms)[0m  [1m[35mCOMMIT[0m
  ↳ app/controllers/user_controller.rb:16:in `create'
Redirected to http://127.0.0.1:3000/users
Completed 302 Found in 8ms (ActiveRecord: 1.8ms | Allocations: 3358)


Started GET "/users" for 127.0.0.1 at 2023-06-23 22:24:43 -0600
Processing by UserController#index as TURBO_STREAM
  Rendering layout layouts/application.html.erb
  Rendering user/index.html.erb within layouts/application
  [1m[36mUser Load (0.4ms)[0m  [1m[34mSELECT "users".* FROM "users"[0m
  ↳ app/views/user/index.html.erb:11
  Rendered user/index.html.erb within layouts/application (Duration: 2.0ms | Allocations: 882)
  Rendered layout layouts/application.html.erb (Duration: 5.0ms | Allocations: 3112)
Completed 200 OK in 6ms (Views: 5.2ms | ActiveRecord: 0.4ms | Allocations: 3491)


Started GET "/users/9" for 127.0.0.1 at 2023-06-23 22:24:45 -0600
Processing by UserController#destroy as HTML
  Parameters: {"id"=>"9"}
  [1m[36mUser Load (0.3ms)[0m  [1m[34mSELECT "users".* FROM "users" WHERE "users"."id" = $1 LIMIT $2[0m  [["id", 9], ["LIMIT", 1]]
  ↳ app/controllers/user_controller.rb:43:in `user_find'
  [1m[36mTRANSACTION (0.1ms)[0m  [1m[35mBEGIN[0m
  ↳ app/controllers/user_controller.rb:28:in `destroy'
  [1m[36mUser Destroy (0.3ms)[0m  [1m[31mDELETE FROM "users" WHERE "users"."id" = $1[0m  [["id", 9]]
  ↳ app/controllers/user_controller.rb:28:in `destroy'
  [1m[36mTRANSACTION (0.4ms)[0m  [1m[35mCOMMIT[0m
  ↳ app/controllers/user_controller.rb:28:in `destroy'
Redirected to http://127.0.0.1:3000/users
Completed 302 Found in 13ms (ActiveRecord: 1.4ms | Allocations: 4131)


Started GET "/users" for 127.0.0.1 at 2023-06-23 22:24:45 -0600
Processing by UserController#index as HTML
  Rendering layout layouts/application.html.erb
  Rendering user/index.html.erb within layouts/application
  [1m[36mUser Load (0.3ms)[0m  [1m[34mSELECT "users".* FROM "users"[0m
  ↳ app/views/user/index.html.erb:11
  Rendered user/index.html.erb within layouts/application (Duration: 2.0ms | Allocations: 846)
  Rendered layout layouts/application.html.erb (Duration: 4.8ms | Allocations: 3076)
Completed 200 OK in 6ms (Views: 5.1ms | ActiveRecord: 0.3ms | Allocations: 3403)


